::1 - - [16/Feb/2024:11:32:29 +0100] "GET /favicon.ico HTTP/1.1" 400 327
::1 - - [16/Feb/2024:11:32:41 +0100] "GET / HTTP/1.1" 200 393
::1 - - [16/Feb/2024:11:32:41 +0100] "GET /favicon.ico HTTP/1.1" 400 327
::1 - - [16/Feb/2024:11:55:20 +0100] "GET / HTTP/1.1" 200 1266
::1 - - [16/Feb/2024:11:55:21 +0100] "GET /favicon.ico HTTP/1.1" 400 327
::1 - - [16/Feb/2024:11:55:51 +0100] "GET / HTTP/1.1" 200 1266
::1 - - [16/Feb/2024:11:55:51 +0100] "GET /favicon.ico HTTP/1.1" 400 327
::1 - - [16/Feb/2024:11:56:14 +0100] "GET / HTTP/1.1" 200 1265
::1 - - [16/Feb/2024:11:56:14 +0100] "GET /favicon.ico HTTP/1.1" 400 327
::1 - - [16/Feb/2024:11:59:56 +0100] "GET / HTTP/1.1" 200 1300
::1 - - [16/Feb/2024:11:59:56 +0100] "GET /favicon.ico HTTP/1.1" 400 327
::1 - - [16/Feb/2024:11:59:58 +0100] "GET / HTTP/1.1" 200 1300
::1 - - [16/Feb/2024:11:59:58 +0100] "GET /favicon.ico HTTP/1.1" 400 327
::1 - - [16/Feb/2024:12:05:04 +0100] "GET / HTTP/1.1" 200 1276
::1 - - [16/Feb/2024:12:05:05 +0100] "GET /favicon.ico HTTP/1.1" 400 327
::1 - - [16/Feb/2024:12:05:52 +0100] "GET / HTTP/1.1" 200 1278
::1 - - [16/Feb/2024:12:05:52 +0100] "GET /favicon.ico HTTP/1.1" 400 327
::1 - - [16/Feb/2024:12:07:22 +0100] "GET / HTTP/1.1" 200 1267
::1 - - [16/Feb/2024:12:07:22 +0100] "GET /favicon.ico HTTP/1.1" 400 327
::1 - - [16/Feb/2024:12:08:10 +0100] "GET / HTTP/1.1" 200 1208
::1 - - [16/Feb/2024:12:08:10 +0100] "GET /favicon.ico HTTP/1.1" 400 327
::1 - - [16/Feb/2024:12:08:50 +0100] "GET / HTTP/1.1" 200 1186
::1 - - [16/Feb/2024:12:08:51 +0100] "GET /favicon.ico HTTP/1.1" 400 327
::1 - - [16/Feb/2024:12:09:35 +0100] "GET / HTTP/1.1" 200 1186
::1 - - [16/Feb/2024:12:09:35 +0100] "GET /favicon.ico HTTP/1.1" 400 327
::1 - - [16/Feb/2024:12:11:18 +0100] "GET / HTTP/1.1" 200 1186
::1 - - [16/Feb/2024:12:11:18 +0100] "GET /favicon.ico HTTP/1.1" 400 327
::1 - - [16/Feb/2024:12:11:32 +0100] "GET / HTTP/1.1" 200 1183
::1 - - [16/Feb/2024:12:11:32 +0100] "GET /favicon.ico HTTP/1.1" 400 327
::1 - - [16/Feb/2024:12:12:28 +0100] "GET / HTTP/1.1" 200 1199
::1 - - [16/Feb/2024:12:12:28 +0100] "GET /favicon.ico HTTP/1.1" 400 327
::1 - - [16/Feb/2024:12:12:29 +0100] "GET / HTTP/1.1" 200 1199
::1 - - [16/Feb/2024:12:12:29 +0100] "GET /favicon.ico HTTP/1.1" 400 327
::1 - - [16/Feb/2024:12:12:30 +0100] "GET /index.php HTTP/1.1" 200 1199
::1 - - [16/Feb/2024:12:12:31 +0100] "GET /favicon.ico HTTP/1.1" 400 327
::1 - - [16/Feb/2024:12:12:32 +0100] "GET /about.php HTTP/1.1" 200 1198
::1 - - [16/Feb/2024:12:12:32 +0100] "GET /favicon.ico HTTP/1.1" 400 327
::1 - - [16/Feb/2024:12:12:33 +0100] "GET /index.php HTTP/1.1" 200 1199
::1 - - [16/Feb/2024:12:12:33 +0100] "GET /favicon.ico HTTP/1.1" 400 327
::1 - - [16/Feb/2024:12:12:34 +0100] "GET /about.php HTTP/1.1" 200 1198
::1 - - [16/Feb/2024:12:12:34 +0100] "GET /favicon.ico HTTP/1.1" 400 327
::1 - - [16/Feb/2024:12:12:35 +0100] "GET /index.php HTTP/1.1" 200 1199
::1 - - [16/Feb/2024:12:12:36 +0100] "GET /favicon.ico HTTP/1.1" 400 327
::1 - - [16/Feb/2024:12:12:36 +0100] "GET /about.php HTTP/1.1" 200 1198
::1 - - [16/Feb/2024:12:12:36 +0100] "GET /favicon.ico HTTP/1.1" 400 327
::1 - - [16/Feb/2024:12:12:37 +0100] "GET /index.php HTTP/1.1" 200 1199
::1 - - [16/Feb/2024:12:12:37 +0100] "GET /favicon.ico HTTP/1.1" 400 327
::1 - - [16/Feb/2024:12:12:38 +0100] "GET /about.php HTTP/1.1" 200 1198
::1 - - [16/Feb/2024:12:12:38 +0100] "GET /favicon.ico HTTP/1.1" 400 327
::1 - - [16/Feb/2024:12:12:59 +0100] "GET /index.php HTTP/1.1" 200 1199
::1 - - [16/Feb/2024:12:13:00 +0100] "GET /favicon.ico HTTP/1.1" 400 327
::1 - - [16/Feb/2024:12:13:01 +0100] "GET /about.php HTTP/1.1" 200 1198
::1 - - [16/Feb/2024:12:13:01 +0100] "GET /favicon.ico HTTP/1.1" 400 327
::1 - - [16/Feb/2024:12:13:01 +0100] "GET /index.php HTTP/1.1" 200 1199
::1 - - [16/Feb/2024:12:13:01 +0100] "GET /favicon.ico HTTP/1.1" 400 327
::1 - - [16/Feb/2024:12:13:02 +0100] "GET /about.php HTTP/1.1" 200 1198
::1 - - [16/Feb/2024:12:13:02 +0100] "GET /favicon.ico HTTP/1.1" 400 327
::1 - - [16/Feb/2024:12:26:33 +0100] "GET /about.php HTTP/1.1" 200 1198
::1 - - [16/Feb/2024:12:26:34 +0100] "GET /favicon.ico HTTP/1.1" 400 327
::1 - - [16/Feb/2024:12:26:35 +0100] "GET /about.php HTTP/1.1" 200 1198
::1 - - [16/Feb/2024:12:26:35 +0100] "GET /favicon.ico HTTP/1.1" 400 327
::1 - - [16/Feb/2024:12:26:35 +0100] "GET /index.php HTTP/1.1" 200 1199
::1 - - [16/Feb/2024:12:26:36 +0100] "GET /favicon.ico HTTP/1.1" 400 327
::1 - - [16/Feb/2024:12:26:37 +0100] "GET /about.php HTTP/1.1" 200 1198
::1 - - [16/Feb/2024:12:26:37 +0100] "GET /favicon.ico HTTP/1.1" 400 327
::1 - - [16/Feb/2024:12:26:38 +0100] "GET /index.php HTTP/1.1" 200 1199
::1 - - [16/Feb/2024:12:26:38 +0100] "GET /favicon.ico HTTP/1.1" 400 327
::1 - - [16/Feb/2024:12:26:38 +0100] "GET /about.php HTTP/1.1" 200 1198
::1 - - [16/Feb/2024:12:26:38 +0100] "GET /favicon.ico HTTP/1.1" 400 327
::1 - - [16/Feb/2024:12:45:32 +0100] "GET /index.php HTTP/1.1" 200 1199
::1 - - [16/Feb/2024:12:45:32 +0100] "GET /favicon.ico HTTP/1.1" 400 327
::1 - - [16/Feb/2024:12:45:33 +0100] "GET /about.php HTTP/1.1" 200 1198
::1 - - [16/Feb/2024:12:45:33 +0100] "GET /favicon.ico HTTP/1.1" 400 327
::1 - - [16/Feb/2024:12:45:34 +0100] "GET /index.php HTTP/1.1" 200 1199
::1 - - [16/Feb/2024:12:45:34 +0100] "GET /favicon.ico HTTP/1.1" 400 327
::1 - - [16/Feb/2024:12:45:35 +0100] "GET /about.php HTTP/1.1" 200 1198
::1 - - [16/Feb/2024:12:45:35 +0100] "GET /favicon.ico HTTP/1.1" 400 327
::1 - - [16/Feb/2024:12:45:39 +0100] "GET /index.php HTTP/1.1" 200 1199
::1 - - [16/Feb/2024:12:45:39 +0100] "GET /favicon.ico HTTP/1.1" 400 327
::1 - - [16/Feb/2024:12:46:07 +0100] "GET /index.php HTTP/1.1" 200 1199
::1 - - [16/Feb/2024:12:46:07 +0100] "GET /favicon.ico HTTP/1.1" 400 327
::1 - - [16/Feb/2024:12:46:08 +0100] "GET /about.php HTTP/1.1" 200 1198
::1 - - [16/Feb/2024:12:46:08 +0100] "GET /favicon.ico HTTP/1.1" 400 327
::1 - - [16/Feb/2024:12:46:09 +0100] "GET /index.php HTTP/1.1" 200 1199
::1 - - [16/Feb/2024:12:46:09 +0100] "GET /favicon.ico HTTP/1.1" 400 327
::1 - - [16/Feb/2024:12:46:53 +0100] "GET /about.php HTTP/1.1" 200 1198
::1 - - [16/Feb/2024:12:46:53 +0100] "GET /favicon.ico HTTP/1.1" 400 327
::1 - - [16/Feb/2024:12:46:54 +0100] "GET /index.php HTTP/1.1" 200 1199
::1 - - [16/Feb/2024:12:46:54 +0100] "GET /favicon.ico HTTP/1.1" 400 327
::1 - - [16/Feb/2024:12:46:55 +0100] "GET /about.php HTTP/1.1" 200 1198
::1 - - [16/Feb/2024:12:46:55 +0100] "GET /favicon.ico HTTP/1.1" 400 327
::1 - - [16/Feb/2024:13:08:53 +0100] "GET /index.php HTTP/1.1" 200 1203
::1 - - [16/Feb/2024:13:08:53 +0100] "GET /favicon.ico HTTP/1.1" 400 327
::1 - - [16/Feb/2024:13:08:54 +0100] "GET /index.php HTTP/1.1" 200 1203
::1 - - [16/Feb/2024:13:08:54 +0100] "GET /favicon.ico HTTP/1.1" 400 327
::1 - - [16/Feb/2024:13:08:55 +0100] "GET /about.php HTTP/1.1" 200 1198
::1 - - [16/Feb/2024:13:08:55 +0100] "GET /favicon.ico HTTP/1.1" 400 327
::1 - - [16/Feb/2024:13:08:56 +0100] "GET /index.php HTTP/1.1" 200 1203
::1 - - [16/Feb/2024:13:08:56 +0100] "GET /favicon.ico HTTP/1.1" 400 327
::1 - - [16/Feb/2024:13:09:13 +0100] "GET /favicon.ico HTTP/1.1" 400 327
::1 - - [16/Feb/2024:13:09:16 +0100] "GET /index.php HTTP/1.1" 200 1203
::1 - - [16/Feb/2024:13:09:16 +0100] "GET /favicon.ico HTTP/1.1" 400 327
::1 - - [16/Feb/2024:13:09:17 +0100] "GET /index.php HTTP/1.1" 200 1203
::1 - - [16/Feb/2024:13:09:17 +0100] "GET /favicon.ico HTTP/1.1" 400 327
::1 - - [16/Feb/2024:13:09:58 +0100] "GET /index.php HTTP/1.1" 200 1203
::1 - - [16/Feb/2024:13:09:58 +0100] "GET /favicon.ico HTTP/1.1" 400 327
::1 - - [16/Feb/2024:13:09:59 +0100] "GET /index.php HTTP/1.1" 200 1203
::1 - - [16/Feb/2024:13:09:59 +0100] "GET /favicon.ico HTTP/1.1" 400 327
::1 - - [16/Feb/2024:13:10:21 +0100] "GET /index.php HTTP/1.1" 200 1594
::1 - - [16/Feb/2024:13:10:21 +0100] "GET /favicon.ico HTTP/1.1" 400 327
::1 - - [16/Feb/2024:13:11:00 +0100] "GET /index.php HTTP/1.1" 200 1594
::1 - - [16/Feb/2024:13:11:00 +0100] "GET /favicon.ico HTTP/1.1" 400 327
::1 - - [16/Feb/2024:13:11:02 +0100] "GET /index.php HTTP/1.1" 200 1594
::1 - - [16/Feb/2024:13:11:02 +0100] "GET /favicon.ico HTTP/1.1" 400 327
::1 - - [16/Feb/2024:13:13:02 +0100] "GET /index.php HTTP/1.1" 200 1606
::1 - - [16/Feb/2024:13:13:02 +0100] "GET /favicon.ico HTTP/1.1" 400 327
::1 - - [16/Feb/2024:13:13:37 +0100] "GET /index.php HTTP/1.1" 200 1294
::1 - - [16/Feb/2024:13:13:37 +0100] "GET /favicon.ico HTTP/1.1" 400 327
::1 - - [16/Feb/2024:13:21:07 +0100] "GET /index.php HTTP/1.1" 200 1885
::1 - - [16/Feb/2024:13:21:07 +0100] "GET /favicon.ico HTTP/1.1" 400 327
::1 - - [16/Feb/2024:13:21:09 +0100] "GET /favicon.ico HTTP/1.1" 400 327
::1 - - [16/Feb/2024:13:21:47 +0100] "GET /index.php HTTP/1.1" 200 1903
::1 - - [16/Feb/2024:13:21:47 +0100] "GET /favicon.ico HTTP/1.1" 400 327
::1 - - [16/Feb/2024:13:33:44 +0100] "GET /index.php HTTP/1.1" 200 1913
::1 - - [16/Feb/2024:13:33:44 +0100] "GET /favicon.ico HTTP/1.1" 400 327
::1 - - [16/Feb/2024:13:33:46 +0100] "GET /index.php HTTP/1.1" 200 1913
::1 - - [16/Feb/2024:13:33:46 +0100] "GET /favicon.ico HTTP/1.1" 400 327
::1 - - [16/Feb/2024:13:33:47 +0100] "GET /about.php HTTP/1.1" 200 1208
::1 - - [16/Feb/2024:13:33:47 +0100] "GET /favicon.ico HTTP/1.1" 400 327
::1 - - [16/Feb/2024:13:33:48 +0100] "GET /product.php HTTP/1.1" 200 1212
::1 - - [16/Feb/2024:13:33:48 +0100] "GET /favicon.ico HTTP/1.1" 400 327
::1 - - [16/Feb/2024:13:33:50 +0100] "GET /about.php HTTP/1.1" 200 1208
::1 - - [16/Feb/2024:13:33:50 +0100] "GET /favicon.ico HTTP/1.1" 400 327
::1 - - [16/Feb/2024:13:33:51 +0100] "GET /index.php HTTP/1.1" 200 1913
::1 - - [16/Feb/2024:13:33:51 +0100] "GET /favicon.ico HTTP/1.1" 400 327
::1 - - [16/Feb/2024:13:33:52 +0100] "GET /product.php HTTP/1.1" 200 1212
::1 - - [16/Feb/2024:13:33:52 +0100] "GET /favicon.ico HTTP/1.1" 400 327
::1 - - [16/Feb/2024:13:33:53 +0100] "GET /about.php HTTP/1.1" 200 1208
::1 - - [16/Feb/2024:13:33:53 +0100] "GET /favicon.ico HTTP/1.1" 400 327
::1 - - [16/Feb/2024:13:33:53 +0100] "GET /index.php HTTP/1.1" 200 1913
::1 - - [16/Feb/2024:13:33:53 +0100] "GET /favicon.ico HTTP/1.1" 400 327
::1 - - [16/Feb/2024:13:33:54 +0100] "GET /product.php HTTP/1.1" 200 1212
::1 - - [16/Feb/2024:13:33:54 +0100] "GET /favicon.ico HTTP/1.1" 400 327
::1 - - [16/Feb/2024:13:33:55 +0100] "GET /about.php HTTP/1.1" 200 1208
::1 - - [16/Feb/2024:13:33:55 +0100] "GET /favicon.ico HTTP/1.1" 400 327
::1 - - [16/Feb/2024:13:33:58 +0100] "GET /product.php HTTP/1.1" 200 1212
::1 - - [16/Feb/2024:13:33:58 +0100] "GET /favicon.ico HTTP/1.1" 400 327
::1 - - [16/Feb/2024:13:35:58 +0100] "GET /index.php HTTP/1.1" 200 1932
::1 - - [16/Feb/2024:13:35:58 +0100] "GET /favicon.ico HTTP/1.1" 400 327
::1 - - [16/Feb/2024:13:35:59 +0100] "GET /about.php HTTP/1.1" 200 1227
::1 - - [16/Feb/2024:13:35:59 +0100] "GET /favicon.ico HTTP/1.1" 400 327
::1 - - [16/Feb/2024:13:36:01 +0100] "GET /about.php HTTP/1.1" 200 1227
::1 - - [16/Feb/2024:13:36:01 +0100] "GET /favicon.ico HTTP/1.1" 400 327
::1 - - [16/Feb/2024:13:36:01 +0100] "GET /index.php HTTP/1.1" 200 1932
::1 - - [16/Feb/2024:13:36:01 +0100] "GET /favicon.ico HTTP/1.1" 400 327
::1 - - [16/Feb/2024:13:36:03 +0100] "GET /favicon.ico HTTP/1.1" 400 327
::1 - - [16/Feb/2024:13:42:27 +0100] "GET /index.php HTTP/1.1" 200 1972
::1 - - [16/Feb/2024:13:42:27 +0100] "GET /favicon.ico HTTP/1.1" 400 327
::1 - - [16/Feb/2024:13:42:29 +0100] "GET /product.php?pid=1 HTTP/1.1" 200 1223
::1 - - [16/Feb/2024:13:42:29 +0100] "GET /favicon.ico HTTP/1.1" 400 327
::1 - - [16/Feb/2024:13:42:33 +0100] "GET /index.php HTTP/1.1" 200 1972
::1 - - [16/Feb/2024:13:42:33 +0100] "GET /favicon.ico HTTP/1.1" 400 327
::1 - - [16/Feb/2024:13:42:34 +0100] "GET /product.php?pid=2 HTTP/1.1" 200 1223
::1 - - [16/Feb/2024:13:42:34 +0100] "GET /favicon.ico HTTP/1.1" 400 327
::1 - - [16/Feb/2024:13:42:36 +0100] "GET /product.php?pid=2 HTTP/1.1" 200 1223
::1 - - [16/Feb/2024:13:42:36 +0100] "GET /favicon.ico HTTP/1.1" 400 327
::1 - - [16/Feb/2024:13:42:38 +0100] "GET /index.php HTTP/1.1" 200 1972
::1 - - [16/Feb/2024:13:42:38 +0100] "GET /favicon.ico HTTP/1.1" 400 327
::1 - - [16/Feb/2024:13:42:40 +0100] "GET /product.php?pid=3 HTTP/1.1" 200 1223
::1 - - [16/Feb/2024:13:42:40 +0100] "GET /favicon.ico HTTP/1.1" 400 327
::1 - - [16/Feb/2024:13:42:42 +0100] "GET /index.php HTTP/1.1" 200 1972
::1 - - [16/Feb/2024:13:42:42 +0100] "GET /favicon.ico HTTP/1.1" 400 327
::1 - - [16/Feb/2024:14:00:55 +0100] "GET /index.php HTTP/1.1" 200 1972
::1 - - [16/Feb/2024:14:00:55 +0100] "GET /favicon.ico HTTP/1.1" 400 327
::1 - - [16/Feb/2024:14:00:56 +0100] "GET /index.php HTTP/1.1" 200 1972
::1 - - [16/Feb/2024:14:00:56 +0100] "GET /favicon.ico HTTP/1.1" 400 327
::1 - - [16/Feb/2024:14:00:57 +0100] "GET /about.php HTTP/1.1" 200 1219
::1 - - [16/Feb/2024:14:00:57 +0100] "GET /favicon.ico HTTP/1.1" 400 327
::1 - - [16/Feb/2024:14:00:58 +0100] "GET /index.php HTTP/1.1" 200 1972
::1 - - [16/Feb/2024:14:00:58 +0100] "GET /favicon.ico HTTP/1.1" 400 327
::1 - - [16/Feb/2024:14:01:00 +0100] "GET /product.php?pid=1 HTTP/1.1" 200 1271
::1 - - [16/Feb/2024:14:01:00 +0100] "GET /favicon.ico HTTP/1.1" 400 327
::1 - - [16/Feb/2024:14:01:05 +0100] "GET /index.php HTTP/1.1" 200 1972
::1 - - [16/Feb/2024:14:01:05 +0100] "GET /favicon.ico HTTP/1.1" 400 327
::1 - - [16/Feb/2024:14:01:07 +0100] "GET /product.php?pid=2 HTTP/1.1" 200 1272
::1 - - [16/Feb/2024:14:01:07 +0100] "GET /favicon.ico HTTP/1.1" 400 327
::1 - - [16/Feb/2024:14:01:10 +0100] "GET /index.php HTTP/1.1" 200 1972
::1 - - [16/Feb/2024:14:01:10 +0100] "GET /favicon.ico HTTP/1.1" 400 327
::1 - - [16/Feb/2024:14:01:11 +0100] "GET /product.php?pid=3 HTTP/1.1" 200 1271
::1 - - [16/Feb/2024:14:01:11 +0100] "GET /favicon.ico HTTP/1.1" 400 327
::1 - - [16/Feb/2024:14:01:50 +0100] "GET /index.php HTTP/1.1" 200 1972
::1 - - [16/Feb/2024:14:01:50 +0100] "GET /favicon.ico HTTP/1.1" 400 327
::1 - - [16/Feb/2024:14:11:38 +0100] "GET /product.php?pid=1 HTTP/1.1" 200 1271
::1 - - [16/Feb/2024:14:11:38 +0100] "GET /favicon.ico HTTP/1.1" 400 327
::1 - - [16/Feb/2024:14:11:39 +0100] "GET /index.php HTTP/1.1" 200 1972
::1 - - [16/Feb/2024:14:11:39 +0100] "GET /favicon.ico HTTP/1.1" 400 327
::1 - - [16/Feb/2024:14:11:40 +0100] "GET /product.php?pid=2 HTTP/1.1" 200 1272
::1 - - [16/Feb/2024:14:11:40 +0100] "GET /favicon.ico HTTP/1.1" 400 327
::1 - - [16/Feb/2024:14:11:42 +0100] "GET /index.php HTTP/1.1" 200 1972
::1 - - [16/Feb/2024:14:11:42 +0100] "GET /favicon.ico HTTP/1.1" 400 327
::1 - - [16/Feb/2024:14:11:43 +0100] "GET /product.php?pid=3 HTTP/1.1" 200 1271
::1 - - [16/Feb/2024:14:11:43 +0100] "GET /favicon.ico HTTP/1.1" 400 327
::1 - - [16/Feb/2024:14:11:44 +0100] "GET /index.php HTTP/1.1" 200 1972
::1 - - [16/Feb/2024:14:11:44 +0100] "GET /favicon.ico HTTP/1.1" 400 327
::1 - - [16/Feb/2024:14:11:45 +0100] "GET /about.php HTTP/1.1" 200 1219
::1 - - [16/Feb/2024:14:11:45 +0100] "GET /favicon.ico HTTP/1.1" 400 327
::1 - - [16/Feb/2024:14:11:46 +0100] "GET /index.php HTTP/1.1" 200 1972
::1 - - [16/Feb/2024:14:11:46 +0100] "GET /favicon.ico HTTP/1.1" 400 327
::1 - - [16/Feb/2024:14:11:47 +0100] "GET /about.php HTTP/1.1" 200 1219
::1 - - [16/Feb/2024:14:11:47 +0100] "GET /favicon.ico HTTP/1.1" 400 327
::1 - - [16/Feb/2024:14:11:48 +0100] "GET /index.php HTTP/1.1" 200 1972
::1 - - [16/Feb/2024:14:11:48 +0100] "GET /favicon.ico HTTP/1.1" 400 327
::1 - - [16/Feb/2024:14:11:50 +0100] "GET /about.php HTTP/1.1" 200 1219
::1 - - [16/Feb/2024:14:11:50 +0100] "GET /favicon.ico HTTP/1.1" 400 327
::1 - - [16/Feb/2024:14:11:51 +0100] "GET /index.php HTTP/1.1" 200 1972
::1 - - [16/Feb/2024:14:11:51 +0100] "GET /favicon.ico HTTP/1.1" 400 327
::1 - - [16/Feb/2024:14:58:00 +0100] "GET /product.php?pid=1 HTTP/1.1" 200 1607
::1 - - [16/Feb/2024:14:58:00 +0100] "GET /favicon.ico HTTP/1.1" 400 327
::1 - - [16/Feb/2024:15:02:01 +0100] "GET /product.php?pid=1 HTTP/1.1" 200 1620
::1 - - [16/Feb/2024:15:02:01 +0100] "GET /favicon.ico HTTP/1.1" 400 327
::1 - - [16/Feb/2024:15:02:18 +0100] "GET /product.php?pid=1 HTTP/1.1" 200 1620
::1 - - [16/Feb/2024:15:02:18 +0100] "GET /favicon.ico HTTP/1.1" 400 327
::1 - - [16/Feb/2024:15:03:25 +0100] "GET /product.php?pid=1 HTTP/1.1" 200 1620
::1 - - [16/Feb/2024:15:03:25 +0100] "GET /favicon.ico HTTP/1.1" 400 327
::1 - - [16/Feb/2024:15:04:39 +0100] "GET /product.php?pid=1 HTTP/1.1" 200 1625
::1 - - [16/Feb/2024:15:04:39 +0100] "GET /favicon.ico HTTP/1.1" 400 327
::1 - - [16/Feb/2024:15:05:07 +0100] "GET /product.php?pid=1 HTTP/1.1" 200 1626
::1 - - [16/Feb/2024:15:05:07 +0100] "GET /favicon.ico HTTP/1.1" 400 327
::1 - - [16/Feb/2024:15:07:31 +0100] "GET /product.php?pid=1 HTTP/1.1" 200 1610
::1 - - [16/Feb/2024:15:07:31 +0100] "GET /favicon.ico HTTP/1.1" 400 327
::1 - - [16/Feb/2024:15:28:20 +0100] "GET /index.php HTTP/1.1" 200 1972
::1 - - [16/Feb/2024:15:28:20 +0100] "GET /favicon.ico HTTP/1.1" 400 327
::1 - - [16/Feb/2024:15:28:22 +0100] "GET /product.php?pid=1 HTTP/1.1" 200 1688
::1 - - [16/Feb/2024:15:28:22 +0100] "GET /favicon.ico HTTP/1.1" 400 327
::1 - - [16/Feb/2024:15:28:25 +0100] "POST /product.php?pid=1 HTTP/1.1" 200 1776
::1 - - [16/Feb/2024:15:28:25 +0100] "GET /favicon.ico HTTP/1.1" 400 327
::1 - - [16/Feb/2024:15:29:13 +0100] "GET /index.php HTTP/1.1" 200 1972
::1 - - [16/Feb/2024:15:29:13 +0100] "GET /favicon.ico HTTP/1.1" 400 327
::1 - - [16/Feb/2024:15:29:14 +0100] "GET /product.php?pid=3 HTTP/1.1" 200 1688
::1 - - [16/Feb/2024:15:29:14 +0100] "GET /favicon.ico HTTP/1.1" 400 327
::1 - - [16/Feb/2024:15:29:17 +0100] "POST /product.php?pid=3 HTTP/1.1" 200 1776
::1 - - [16/Feb/2024:15:29:17 +0100] "GET /favicon.ico HTTP/1.1" 400 327
::1 - - [16/Feb/2024:15:37:49 +0100] "GET /index.php HTTP/1.1" 200 1972
::1 - - [16/Feb/2024:15:37:49 +0100] "GET /favicon.ico HTTP/1.1" 400 327
::1 - - [16/Feb/2024:15:37:51 +0100] "GET /product.php?pid=1 HTTP/1.1" 200 1688
::1 - - [16/Feb/2024:15:37:51 +0100] "GET /favicon.ico HTTP/1.1" 400 327
::1 - - [16/Feb/2024:15:37:54 +0100] "POST /product.php?pid=1 HTTP/1.1" 200 1776
::1 - - [16/Feb/2024:15:37:54 +0100] "GET /favicon.ico HTTP/1.1" 400 327
::1 - - [16/Feb/2024:15:38:33 +0100] "POST /product.php?pid=1 HTTP/1.1" 200 1776
::1 - - [16/Feb/2024:15:38:33 +0100] "GET /favicon.ico HTTP/1.1" 400 327
::1 - - [16/Feb/2024:15:38:37 +0100] "POST /product.php?pid=1 HTTP/1.1" 200 1776
::1 - - [16/Feb/2024:15:38:37 +0100] "GET /favicon.ico HTTP/1.1" 400 327
::1 - - [16/Feb/2024:15:38:40 +0100] "POST /product.php?pid=1 HTTP/1.1" 200 1776
::1 - - [16/Feb/2024:15:38:40 +0100] "GET /favicon.ico HTTP/1.1" 400 327
::1 - - [16/Feb/2024:15:38:42 +0100] "POST /product.php?pid=1 HTTP/1.1" 200 1776
::1 - - [16/Feb/2024:15:38:42 +0100] "GET /favicon.ico HTTP/1.1" 400 327
::1 - - [16/Feb/2024:15:39:04 +0100] "POST /product.php?pid=1 HTTP/1.1" 200 1776
::1 - - [16/Feb/2024:15:39:05 +0100] "GET /favicon.ico HTTP/1.1" 400 327
::1 - - [16/Feb/2024:16:15:27 +0100] "POST /product.php?pid=1 HTTP/1.1" 200 1798
::1 - - [16/Feb/2024:16:15:27 +0100] "GET /favicon.ico HTTP/1.1" 400 327
::1 - - [16/Feb/2024:16:15:35 +0100] "GET /index.php HTTP/1.1" 200 1972
::1 - - [16/Feb/2024:16:15:35 +0100] "GET /favicon.ico HTTP/1.1" 400 327
::1 - - [16/Feb/2024:16:15:36 +0100] "GET /product.php?pid=1 HTTP/1.1" 200 1688
::1 - - [16/Feb/2024:16:15:36 +0100] "GET /favicon.ico HTTP/1.1" 400 327
::1 - - [16/Feb/2024:16:15:38 +0100] "POST /product.php?pid=1 HTTP/1.1" 200 1798
::1 - - [16/Feb/2024:16:15:38 +0100] "GET /favicon.ico HTTP/1.1" 400 327
::1 - - [16/Feb/2024:16:15:39 +0100] "POST /product.php?pid=1 HTTP/1.1" 200 1798
::1 - - [16/Feb/2024:16:15:39 +0100] "GET /favicon.ico HTTP/1.1" 400 327
::1 - - [16/Feb/2024:16:15:40 +0100] "POST /product.php?pid=1 HTTP/1.1" 200 1798
::1 - - [16/Feb/2024:16:15:40 +0100] "GET /favicon.ico HTTP/1.1" 400 327
::1 - - [16/Feb/2024:16:15:41 +0100] "POST /product.php?pid=1 HTTP/1.1" 200 1798
::1 - - [16/Feb/2024:16:15:41 +0100] "GET /favicon.ico HTTP/1.1" 400 327
::1 - - [16/Feb/2024:16:15:43 +0100] "GET /index.php HTTP/1.1" 200 1972
::1 - - [16/Feb/2024:16:15:43 +0100] "GET /favicon.ico HTTP/1.1" 400 327
::1 - - [16/Feb/2024:16:15:45 +0100] "GET /product.php?pid=1 HTTP/1.1" 200 1688
::1 - - [16/Feb/2024:16:15:45 +0100] "GET /favicon.ico HTTP/1.1" 400 327
::1 - - [16/Feb/2024:16:15:48 +0100] "POST /product.php?pid=1 HTTP/1.1" 200 1798
::1 - - [16/Feb/2024:16:15:48 +0100] "GET /favicon.ico HTTP/1.1" 400 327
::1 - - [16/Feb/2024:16:15:49 +0100] "POST /product.php?pid=1 HTTP/1.1" 200 1798
::1 - - [16/Feb/2024:16:15:49 +0100] "GET /favicon.ico HTTP/1.1" 400 327
::1 - - [16/Feb/2024:16:15:50 +0100] "POST /product.php?pid=1 HTTP/1.1" 200 1798
::1 - - [16/Feb/2024:16:15:50 +0100] "GET /favicon.ico HTTP/1.1" 400 327
::1 - - [16/Feb/2024:16:23:28 +0100] "GET /index.php HTTP/1.1" 200 1972
::1 - - [16/Feb/2024:16:23:28 +0100] "GET /favicon.ico HTTP/1.1" 400 327
::1 - - [16/Feb/2024:16:23:30 +0100] "GET /product.php?pid=1 HTTP/1.1" 200 1688
::1 - - [16/Feb/2024:16:23:30 +0100] "GET /favicon.ico HTTP/1.1" 400 327
::1 - - [16/Feb/2024:16:23:31 +0100] "POST /product.php?pid=1 HTTP/1.1" 200 1701
::1 - - [16/Feb/2024:16:23:31 +0100] "GET /favicon.ico HTTP/1.1" 400 327
::1 - - [16/Feb/2024:16:23:34 +0100] "POST /product.php?pid=1 HTTP/1.1" 200 1701
::1 - - [16/Feb/2024:16:23:34 +0100] "GET /favicon.ico HTTP/1.1" 400 327
::1 - - [16/Feb/2024:16:25:54 +0100] "GET /index.php HTTP/1.1" 200 1972
::1 - - [16/Feb/2024:16:25:54 +0100] "GET /favicon.ico HTTP/1.1" 400 327
::1 - - [16/Feb/2024:16:25:56 +0100] "GET /product.php?pid=1 HTTP/1.1" 200 1688
::1 - - [16/Feb/2024:16:25:56 +0100] "GET /favicon.ico HTTP/1.1" 400 327
::1 - - [16/Feb/2024:16:25:58 +0100] "POST /product.php?pid=1 HTTP/1.1" 200 1821
::1 - - [16/Feb/2024:16:25:58 +0100] "GET /favicon.ico HTTP/1.1" 400 327
::1 - - [16/Feb/2024:16:26:22 +0100] "POST /product.php?pid=1 HTTP/1.1" 200 1821
::1 - - [16/Feb/2024:16:26:22 +0100] "GET /favicon.ico HTTP/1.1" 400 327
::1 - - [16/Feb/2024:16:26:26 +0100] "POST /product.php?pid=1 HTTP/1.1" 200 1821
::1 - - [16/Feb/2024:16:26:26 +0100] "GET /favicon.ico HTTP/1.1" 400 327
::1 - - [16/Feb/2024:16:26:31 +0100] "POST /product.php?pid=1 HTTP/1.1" 200 1821
::1 - - [16/Feb/2024:16:26:31 +0100] "GET /favicon.ico HTTP/1.1" 400 327
::1 - - [16/Feb/2024:16:26:35 +0100] "POST /product.php?pid=1 HTTP/1.1" 200 1821
::1 - - [16/Feb/2024:16:26:35 +0100] "GET /favicon.ico HTTP/1.1" 400 327
::1 - - [16/Feb/2024:16:27:02 +0100] "POST /product.php?pid=1 HTTP/1.1" 200 1793
::1 - - [16/Feb/2024:16:27:02 +0100] "GET /favicon.ico HTTP/1.1" 400 327
::1 - - [16/Feb/2024:16:27:06 +0100] "GET /index.php HTTP/1.1" 200 1972
::1 - - [16/Feb/2024:16:27:06 +0100] "GET /favicon.ico HTTP/1.1" 400 327
::1 - - [16/Feb/2024:16:27:07 +0100] "GET /product.php?pid=1 HTTP/1.1" 200 1688
::1 - - [16/Feb/2024:16:27:07 +0100] "GET /favicon.ico HTTP/1.1" 400 327
::1 - - [16/Feb/2024:16:27:09 +0100] "POST /product.php?pid=1 HTTP/1.1" 200 1793
::1 - - [16/Feb/2024:16:27:09 +0100] "GET /favicon.ico HTTP/1.1" 400 327
::1 - - [16/Feb/2024:16:27:22 +0100] "POST /product.php?pid=1 HTTP/1.1" 200 1793
::1 - - [16/Feb/2024:16:27:22 +0100] "GET /favicon.ico HTTP/1.1" 400 327
::1 - - [16/Feb/2024:16:27:26 +0100] "POST /product.php?pid=1 HTTP/1.1" 200 1794
::1 - - [16/Feb/2024:16:27:26 +0100] "GET /favicon.ico HTTP/1.1" 400 327
::1 - - [16/Feb/2024:16:45:58 +0100] "GET /index.php HTTP/1.1" 200 1972
::1 - - [16/Feb/2024:16:45:58 +0100] "GET /favicon.ico HTTP/1.1" 400 327
::1 - - [16/Feb/2024:16:46:01 +0100] "GET /product.php?pid=1 HTTP/1.1" 200 1688
::1 - - [16/Feb/2024:16:46:01 +0100] "GET /favicon.ico HTTP/1.1" 400 327
::1 - - [16/Feb/2024:16:46:02 +0100] "POST /product.php?pid=1 HTTP/1.1" 200 1835
::1 - - [16/Feb/2024:16:46:03 +0100] "GET /favicon.ico HTTP/1.1" 400 327
::1 - - [16/Feb/2024:16:47:02 +0100] "POST /product.php?pid=1 HTTP/1.1" 200 1935
::1 - - [16/Feb/2024:16:47:02 +0100] "GET /favicon.ico HTTP/1.1" 400 327
::1 - - [16/Feb/2024:16:48:15 +0100] "POST /product.php?pid=1 HTTP/1.1" 200 2035
::1 - - [16/Feb/2024:16:48:15 +0100] "GET /favicon.ico HTTP/1.1" 400 327
::1 - - [16/Feb/2024:16:51:07 +0100] "POST /product.php?pid=1 HTTP/1.1" 200 2135
::1 - - [16/Feb/2024:16:51:07 +0100] "GET /favicon.ico HTTP/1.1" 400 327
::1 - - [16/Feb/2024:16:51:25 +0100] "POST /product.php?pid=1 HTTP/1.1" 200 2236
::1 - - [16/Feb/2024:16:51:25 +0100] "GET /favicon.ico HTTP/1.1" 400 327
::1 - - [16/Feb/2024:16:51:36 +0100] "POST /product.php?pid=1 HTTP/1.1" 200 2337
::1 - - [16/Feb/2024:16:51:36 +0100] "GET /favicon.ico HTTP/1.1" 400 327
::1 - - [16/Feb/2024:16:51:50 +0100] "GET /index.php HTTP/1.1" 200 1972
::1 - - [16/Feb/2024:16:51:50 +0100] "GET /favicon.ico HTTP/1.1" 400 327
::1 - - [16/Feb/2024:16:51:51 +0100] "GET /product.php?pid=1 HTTP/1.1" 200 1688
::1 - - [16/Feb/2024:16:51:51 +0100] "GET /favicon.ico HTTP/1.1" 400 327
::1 - - [16/Feb/2024:16:51:56 +0100] "POST /product.php?pid=1 HTTP/1.1" 200 2437
::1 - - [16/Feb/2024:16:51:56 +0100] "GET /favicon.ico HTTP/1.1" 400 327
::1 - - [16/Feb/2024:16:52:01 +0100] "GET /index.php HTTP/1.1" 200 1972
::1 - - [16/Feb/2024:16:52:01 +0100] "GET /favicon.ico HTTP/1.1" 400 327
::1 - - [16/Feb/2024:16:59:27 +0100] "GET /index.php HTTP/1.1" 200 1972
::1 - - [16/Feb/2024:16:59:27 +0100] "GET /favicon.ico HTTP/1.1" 400 327
::1 - - [16/Feb/2024:16:59:33 +0100] "GET /product.php?pid=1 HTTP/1.1" 200 1688
::1 - - [16/Feb/2024:16:59:33 +0100] "GET /favicon.ico HTTP/1.1" 400 327
::1 - - [16/Feb/2024:16:59:44 +0100] "POST /product.php?pid=1 HTTP/1.1" 200 1835
::1 - - [16/Feb/2024:16:59:44 +0100] "GET /favicon.ico HTTP/1.1" 400 327
::1 - - [16/Feb/2024:17:07:57 +0100] "GET /index.php HTTP/1.1" 200 1972
::1 - - [16/Feb/2024:17:07:57 +0100] "GET /favicon.ico HTTP/1.1" 400 327
::1 - - [16/Feb/2024:17:08:05 +0100] "GET /product.php?pid=1 HTTP/1.1" 200 1688
::1 - - [16/Feb/2024:17:08:05 +0100] "GET /favicon.ico HTTP/1.1" 400 327
::1 - - [16/Feb/2024:17:08:07 +0100] "POST /product.php?pid=1 HTTP/1.1" 200 1763
::1 - - [16/Feb/2024:17:08:07 +0100] "GET /favicon.ico HTTP/1.1" 400 327
::1 - - [16/Feb/2024:17:08:23 +0100] "POST /product.php?pid=1 HTTP/1.1" 200 1763
::1 - - [16/Feb/2024:17:08:23 +0100] "GET /favicon.ico HTTP/1.1" 400 327
::1 - - [16/Feb/2024:17:08:28 +0100] "POST /product.php?pid=1 HTTP/1.1" 200 1763
::1 - - [16/Feb/2024:17:08:28 +0100] "GET /favicon.ico HTTP/1.1" 400 327
::1 - - [16/Feb/2024:17:08:36 +0100] "POST /product.php?pid=1 HTTP/1.1" 200 1763
::1 - - [16/Feb/2024:17:08:36 +0100] "GET /favicon.ico HTTP/1.1" 400 327
::1 - - [16/Feb/2024:17:08:38 +0100] "POST /product.php?pid=1 HTTP/1.1" 200 1763
::1 - - [16/Feb/2024:17:08:38 +0100] "GET /favicon.ico HTTP/1.1" 400 327
::1 - - [16/Feb/2024:17:08:41 +0100] "GET /index.php HTTP/1.1" 200 1972
::1 - - [16/Feb/2024:17:08:41 +0100] "GET /favicon.ico HTTP/1.1" 400 327
::1 - - [16/Feb/2024:17:08:42 +0100] "GET /product.php?pid=2 HTTP/1.1" 200 1689
::1 - - [16/Feb/2024:17:08:42 +0100] "GET /favicon.ico HTTP/1.1" 400 327
::1 - - [16/Feb/2024:17:08:43 +0100] "POST /product.php?pid=2 HTTP/1.1" 200 1792
::1 - - [16/Feb/2024:17:08:43 +0100] "GET /favicon.ico HTTP/1.1" 400 327
::1 - - [16/Feb/2024:17:08:54 +0100] "GET /index.php HTTP/1.1" 200 1972
::1 - - [16/Feb/2024:17:08:55 +0100] "GET /favicon.ico HTTP/1.1" 400 327
::1 - - [16/Feb/2024:17:08:56 +0100] "GET /product.php?pid=3 HTTP/1.1" 200 1688
::1 - - [16/Feb/2024:17:08:56 +0100] "GET /favicon.ico HTTP/1.1" 400 327
::1 - - [16/Feb/2024:17:09:03 +0100] "POST /product.php?pid=3 HTTP/1.1" 200 1819
::1 - - [16/Feb/2024:17:09:03 +0100] "GET /favicon.ico HTTP/1.1" 400 327
::1 - - [16/Feb/2024:17:09:07 +0100] "GET /index.php HTTP/1.1" 200 1972
::1 - - [16/Feb/2024:17:09:07 +0100] "GET /favicon.ico HTTP/1.1" 400 327
::1 - - [16/Feb/2024:17:09:08 +0100] "GET /product.php?pid=1 HTTP/1.1" 200 1688
::1 - - [16/Feb/2024:17:09:08 +0100] "GET /favicon.ico HTTP/1.1" 400 327
::1 - - [16/Feb/2024:17:09:11 +0100] "POST /product.php?pid=1 HTTP/1.1" 200 1820
::1 - - [16/Feb/2024:17:09:11 +0100] "GET /favicon.ico HTTP/1.1" 400 327
::1 - - [16/Feb/2024:17:18:57 +0100] "GET /index.php HTTP/1.1" 200 1972
::1 - - [16/Feb/2024:17:18:58 +0100] "GET /favicon.ico HTTP/1.1" 400 327
::1 - - [16/Feb/2024:17:19:00 +0100] "GET /product.php?pid=3 HTTP/1.1" 200 1688
::1 - - [16/Feb/2024:17:19:00 +0100] "GET /favicon.ico HTTP/1.1" 400 327
::1 - - [16/Feb/2024:17:19:02 +0100] "POST /product.php?pid=3 HTTP/1.1" 200 2003
::1 - - [16/Feb/2024:17:19:02 +0100] "GET /favicon.ico HTTP/1.1" 400 327
::1 - - [16/Feb/2024:17:19:25 +0100] "GET /index.php HTTP/1.1" 200 1972
::1 - - [16/Feb/2024:17:19:25 +0100] "GET /favicon.ico HTTP/1.1" 400 327
::1 - - [16/Feb/2024:17:19:26 +0100] "GET /product.php?pid=1 HTTP/1.1" 200 1688
::1 - - [16/Feb/2024:17:19:26 +0100] "GET /favicon.ico HTTP/1.1" 400 327
::1 - - [16/Feb/2024:17:19:27 +0100] "POST /product.php?pid=1 HTTP/1.1" 200 1898
::1 - - [16/Feb/2024:17:19:27 +0100] "GET /favicon.ico HTTP/1.1" 400 327
::1 - - [16/Feb/2024:17:25:03 +0100] "GET /index.php HTTP/1.1" 200 1972
::1 - - [16/Feb/2024:17:25:03 +0100] "GET /favicon.ico HTTP/1.1" 400 327
::1 - - [16/Feb/2024:17:25:06 +0100] "GET /product.php?pid=1 HTTP/1.1" 200 1688
::1 - - [16/Feb/2024:17:25:06 +0100] "GET /favicon.ico HTTP/1.1" 400 327
::1 - - [16/Feb/2024:17:25:08 +0100] "POST /product.php?pid=1 HTTP/1.1" 200 1763
::1 - - [16/Feb/2024:17:25:08 +0100] "GET /favicon.ico HTTP/1.1" 400 327
::1 - - [16/Feb/2024:17:25:23 +0100] "POST /product.php?pid=1 HTTP/1.1" 200 1756
::1 - - [16/Feb/2024:17:25:23 +0100] "GET /favicon.ico HTTP/1.1" 400 327
::1 - - [16/Feb/2024:17:25:26 +0100] "POST /product.php?pid=1 HTTP/1.1" 200 1756
::1 - - [16/Feb/2024:17:25:26 +0100] "GET /favicon.ico HTTP/1.1" 400 327
::1 - - [16/Feb/2024:17:25:28 +0100] "POST /product.php?pid=1 HTTP/1.1" 200 1756
::1 - - [16/Feb/2024:17:25:28 +0100] "GET /favicon.ico HTTP/1.1" 400 327
::1 - - [16/Feb/2024:17:25:36 +0100] "GET /index.php HTTP/1.1" 200 1972
::1 - - [16/Feb/2024:17:25:36 +0100] "GET /favicon.ico HTTP/1.1" 400 327
::1 - - [16/Feb/2024:17:25:38 +0100] "GET /product.php?pid=3 HTTP/1.1" 200 1688
::1 - - [16/Feb/2024:17:25:38 +0100] "GET /favicon.ico HTTP/1.1" 400 327
::1 - - [16/Feb/2024:17:25:40 +0100] "POST /product.php?pid=3 HTTP/1.1" 200 1784
::1 - - [16/Feb/2024:17:25:40 +0100] "GET /favicon.ico HTTP/1.1" 400 327
::1 - - [16/Feb/2024:17:25:49 +0100] "POST /product.php?pid=3 HTTP/1.1" 200 1777
::1 - - [16/Feb/2024:17:25:49 +0100] "GET /favicon.ico HTTP/1.1" 400 327
::1 - - [16/Feb/2024:17:25:51 +0100] "POST /product.php?pid=3 HTTP/1.1" 200 1777
::1 - - [16/Feb/2024:17:25:51 +0100] "GET /favicon.ico HTTP/1.1" 400 327
::1 - - [16/Feb/2024:17:25:55 +0100] "POST /product.php?pid=3 HTTP/1.1" 200 1777
::1 - - [16/Feb/2024:17:25:55 +0100] "GET /favicon.ico HTTP/1.1" 400 327
::1 - - [16/Feb/2024:17:26:04 +0100] "POST /product.php?pid=3 HTTP/1.1" 200 1777
::1 - - [16/Feb/2024:17:26:04 +0100] "GET /favicon.ico HTTP/1.1" 400 327
::1 - - [16/Feb/2024:17:26:13 +0100] "GET /index.php HTTP/1.1" 200 1972
::1 - - [16/Feb/2024:17:26:13 +0100] "GET /favicon.ico HTTP/1.1" 400 327
::1 - - [16/Feb/2024:17:26:15 +0100] "GET /product.php?pid=2 HTTP/1.1" 200 1689
::1 - - [16/Feb/2024:17:26:15 +0100] "GET /favicon.ico HTTP/1.1" 400 327
::1 - - [16/Feb/2024:17:26:19 +0100] "POST /product.php?pid=2 HTTP/1.1" 200 1807
::1 - - [16/Feb/2024:17:26:19 +0100] "GET /favicon.ico HTTP/1.1" 400 327
::1 - - [16/Feb/2024:17:26:24 +0100] "POST /product.php?pid=2 HTTP/1.1" 200 1800
::1 - - [16/Feb/2024:17:26:24 +0100] "GET /favicon.ico HTTP/1.1" 400 327
::1 - - [16/Feb/2024:17:59:26 +0100] "GET /index.php HTTP/1.1" 200 1972
::1 - - [16/Feb/2024:17:59:26 +0100] "GET /favicon.ico HTTP/1.1" 400 327
::1 - - [16/Feb/2024:17:59:30 +0100] "GET /product.php?pid=2 HTTP/1.1" 200 1689
::1 - - [16/Feb/2024:17:59:30 +0100] "GET /favicon.ico HTTP/1.1" 400 327
::1 - - [16/Feb/2024:17:59:31 +0100] "POST /product.php?pid=2 HTTP/1.1" 200 2034
::1 - - [16/Feb/2024:17:59:31 +0100] "GET /favicon.ico HTTP/1.1" 400 327
::1 - - [16/Feb/2024:18:03:09 +0100] "GET /index.php HTTP/1.1" 200 1972
::1 - - [16/Feb/2024:18:03:09 +0100] "GET /favicon.ico HTTP/1.1" 400 327
::1 - - [16/Feb/2024:18:03:11 +0100] "GET /product.php?pid=2 HTTP/1.1" 200 1689
::1 - - [16/Feb/2024:18:03:12 +0100] "GET /favicon.ico HTTP/1.1" 400 327
::1 - - [16/Feb/2024:18:03:16 +0100] "POST /product.php?pid=2 HTTP/1.1" 200 1765
::1 - - [16/Feb/2024:18:03:16 +0100] "GET /favicon.ico HTTP/1.1" 400 327
::1 - - [16/Feb/2024:18:03:34 +0100] "POST /product.php?pid=2 HTTP/1.1" 200 1758
::1 - - [16/Feb/2024:18:03:34 +0100] "GET /favicon.ico HTTP/1.1" 400 327
::1 - - [16/Feb/2024:18:03:39 +0100] "GET /index.php HTTP/1.1" 200 1972
::1 - - [16/Feb/2024:18:03:40 +0100] "GET /favicon.ico HTTP/1.1" 400 327
::1 - - [16/Feb/2024:18:03:41 +0100] "GET /product.php?pid=2 HTTP/1.1" 200 1689
::1 - - [16/Feb/2024:18:03:41 +0100] "GET /favicon.ico HTTP/1.1" 400 327
::1 - - [16/Feb/2024:18:03:44 +0100] "POST /product.php?pid=2 HTTP/1.1" 200 1758
::1 - - [16/Feb/2024:18:03:44 +0100] "GET /favicon.ico HTTP/1.1" 400 327
::1 - - [16/Feb/2024:18:03:47 +0100] "GET /index.php HTTP/1.1" 200 1972
::1 - - [16/Feb/2024:18:03:47 +0100] "GET /favicon.ico HTTP/1.1" 400 327
::1 - - [16/Feb/2024:18:03:49 +0100] "GET /product.php?pid=3 HTTP/1.1" 200 1688
::1 - - [16/Feb/2024:18:03:49 +0100] "GET /favicon.ico HTTP/1.1" 400 327
::1 - - [16/Feb/2024:18:03:53 +0100] "POST /product.php?pid=3 HTTP/1.1" 200 1786
::1 - - [16/Feb/2024:18:03:53 +0100] "GET /favicon.ico HTTP/1.1" 400 327
::1 - - [16/Feb/2024:18:03:57 +0100] "POST /product.php?pid=3 HTTP/1.1" 200 1779
::1 - - [16/Feb/2024:18:03:57 +0100] "GET /favicon.ico HTTP/1.1" 400 327
::1 - - [16/Feb/2024:18:03:58 +0100] "POST /product.php?pid=3 HTTP/1.1" 200 1779
::1 - - [16/Feb/2024:18:03:58 +0100] "GET /favicon.ico HTTP/1.1" 400 327
::1 - - [16/Feb/2024:18:03:59 +0100] "POST /product.php?pid=3 HTTP/1.1" 200 1779
::1 - - [16/Feb/2024:18:03:59 +0100] "GET /favicon.ico HTTP/1.1" 400 327
::1 - - [16/Feb/2024:18:33:17 +0100] "GET /index.php HTTP/1.1" 200 1972
::1 - - [16/Feb/2024:18:33:17 +0100] "GET /favicon.ico HTTP/1.1" 400 327
::1 - - [16/Feb/2024:18:33:19 +0100] "GET /product.php?pid=1 HTTP/1.1" 200 1688
::1 - - [16/Feb/2024:18:33:19 +0100] "GET /favicon.ico HTTP/1.1" 400 327
::1 - - [16/Feb/2024:18:33:20 +0100] "POST /product.php?pid=1 HTTP/1.1" 200 1921
::1 - - [16/Feb/2024:18:33:20 +0100] "GET /favicon.ico HTTP/1.1" 400 327
::1 - - [16/Feb/2024:18:34:20 +0100] "GET /index.php HTTP/1.1" 200 1972
::1 - - [16/Feb/2024:18:34:20 +0100] "GET /favicon.ico HTTP/1.1" 400 327
::1 - - [16/Feb/2024:18:34:34 +0100] "GET /product.php?pid=1 HTTP/1.1" 200 149
::1 - - [16/Feb/2024:18:34:34 +0100] "GET /favicon.ico HTTP/1.1" 400 327
::1 - - [16/Feb/2024:18:36:14 +0100] "GET /index.php HTTP/1.1" 200 1972
::1 - - [16/Feb/2024:18:36:14 +0100] "GET /favicon.ico HTTP/1.1" 400 327
::1 - - [16/Feb/2024:18:36:16 +0100] "GET /index.php HTTP/1.1" 200 1972
::1 - - [16/Feb/2024:18:36:16 +0100] "GET /favicon.ico HTTP/1.1" 400 327
::1 - - [16/Feb/2024:18:36:17 +0100] "GET /product.php?pid=1 HTTP/1.1" 200 1688
::1 - - [16/Feb/2024:18:36:17 +0100] "GET /favicon.ico HTTP/1.1" 400 327
::1 - - [16/Feb/2024:18:36:20 +0100] "POST /product.php?pid=1 HTTP/1.1" 200 1764
::1 - - [16/Feb/2024:18:36:20 +0100] "GET /favicon.ico HTTP/1.1" 400 327
::1 - - [16/Feb/2024:18:36:24 +0100] "POST /product.php?pid=1 HTTP/1.1" 200 1757
::1 - - [16/Feb/2024:18:36:24 +0100] "GET /favicon.ico HTTP/1.1" 400 327
::1 - - [16/Feb/2024:18:36:25 +0100] "POST /product.php?pid=1 HTTP/1.1" 200 1757
::1 - - [16/Feb/2024:18:36:25 +0100] "GET /favicon.ico HTTP/1.1" 400 327
::1 - - [16/Feb/2024:18:36:25 +0100] "POST /product.php?pid=1 HTTP/1.1" 200 1757
::1 - - [16/Feb/2024:18:36:25 +0100] "GET /favicon.ico HTTP/1.1" 400 327
::1 - - [16/Feb/2024:18:36:42 +0100] "GET /index.php HTTP/1.1" 200 1972
::1 - - [16/Feb/2024:18:36:42 +0100] "GET /favicon.ico HTTP/1.1" 400 327
::1 - - [16/Feb/2024:18:36:44 +0100] "GET /product.php?pid=3 HTTP/1.1" 200 1688
::1 - - [16/Feb/2024:18:36:44 +0100] "GET /favicon.ico HTTP/1.1" 400 327
::1 - - [16/Feb/2024:18:36:48 +0100] "POST /product.php?pid=3 HTTP/1.1" 200 1786
::1 - - [16/Feb/2024:18:36:48 +0100] "GET /favicon.ico HTTP/1.1" 400 327
::1 - - [16/Feb/2024:18:39:21 +0100] "GET /index.php HTTP/1.1" 200 1972
::1 - - [16/Feb/2024:18:39:21 +0100] "GET /favicon.ico HTTP/1.1" 400 327
::1 - - [16/Feb/2024:18:39:22 +0100] "GET /product.php?pid=3 HTTP/1.1" 200 1688
::1 - - [16/Feb/2024:18:39:22 +0100] "GET /favicon.ico HTTP/1.1" 400 327
::1 - - [16/Feb/2024:18:39:25 +0100] "POST /product.php?pid=3 HTTP/1.1" 200 1779
::1 - - [16/Feb/2024:18:39:26 +0100] "GET /favicon.ico HTTP/1.1" 400 327
::1 - - [16/Feb/2024:18:39:31 +0100] "GET /index.php HTTP/1.1" 200 1972
::1 - - [16/Feb/2024:18:39:31 +0100] "GET /favicon.ico HTTP/1.1" 400 327
::1 - - [16/Feb/2024:18:39:44 +0100] "GET /index.php HTTP/1.1" 200 1972
::1 - - [16/Feb/2024:18:39:44 +0100] "GET /favicon.ico HTTP/1.1" 400 327
::1 - - [16/Feb/2024:18:39:45 +0100] "GET /product.php?pid=3 HTTP/1.1" 200 1688
::1 - - [16/Feb/2024:18:39:45 +0100] "GET /favicon.ico HTTP/1.1" 400 327
::1 - - [16/Feb/2024:18:39:50 +0100] "POST /product.php?pid=3 HTTP/1.1" 200 1764
::1 - - [16/Feb/2024:18:39:50 +0100] "GET /favicon.ico HTTP/1.1" 400 327
::1 - - [16/Feb/2024:18:39:52 +0100] "POST /product.php?pid=3 HTTP/1.1" 200 1757
::1 - - [16/Feb/2024:18:39:52 +0100] "GET /favicon.ico HTTP/1.1" 400 327
::1 - - [16/Feb/2024:18:39:52 +0100] "POST /product.php?pid=3 HTTP/1.1" 200 1757
::1 - - [16/Feb/2024:18:39:53 +0100] "GET /favicon.ico HTTP/1.1" 400 327
::1 - - [16/Feb/2024:18:39:53 +0100] "POST /product.php?pid=3 HTTP/1.1" 200 1757
::1 - - [16/Feb/2024:18:39:53 +0100] "GET /favicon.ico HTTP/1.1" 400 327
::1 - - [16/Feb/2024:18:39:53 +0100] "POST /product.php?pid=3 HTTP/1.1" 200 1757
::1 - - [16/Feb/2024:18:39:53 +0100] "GET /favicon.ico HTTP/1.1" 400 327
::1 - - [16/Feb/2024:18:39:55 +0100] "GET /index.php HTTP/1.1" 200 1972
::1 - - [16/Feb/2024:18:39:56 +0100] "GET /favicon.ico HTTP/1.1" 400 327
::1 - - [16/Feb/2024:18:39:57 +0100] "GET /product.php?pid=2 HTTP/1.1" 200 1689
::1 - - [16/Feb/2024:18:39:57 +0100] "GET /favicon.ico HTTP/1.1" 400 327
::1 - - [16/Feb/2024:18:40:01 +0100] "POST /product.php?pid=2 HTTP/1.1" 200 1787
::1 - - [16/Feb/2024:18:40:01 +0100] "GET /favicon.ico HTTP/1.1" 400 327
::1 - - [16/Feb/2024:18:40:05 +0100] "POST /product.php?pid=2 HTTP/1.1" 200 1780
::1 - - [16/Feb/2024:18:40:05 +0100] "GET /favicon.ico HTTP/1.1" 400 327
::1 - - [16/Feb/2024:18:40:06 +0100] "POST /product.php?pid=2 HTTP/1.1" 200 1780
::1 - - [16/Feb/2024:18:40:06 +0100] "GET /favicon.ico HTTP/1.1" 400 327
::1 - - [16/Feb/2024:18:40:06 +0100] "POST /product.php?pid=2 HTTP/1.1" 200 1780
::1 - - [16/Feb/2024:18:40:06 +0100] "GET /favicon.ico HTTP/1.1" 400 327
::1 - - [16/Feb/2024:18:40:06 +0100] "POST /product.php?pid=2 HTTP/1.1" 200 1780
::1 - - [16/Feb/2024:18:40:07 +0100] "GET /favicon.ico HTTP/1.1" 400 327
::1 - - [16/Feb/2024:18:40:08 +0100] "GET /index.php HTTP/1.1" 200 1972
::1 - - [16/Feb/2024:18:40:08 +0100] "GET /favicon.ico HTTP/1.1" 400 327
::1 - - [16/Feb/2024:18:40:09 +0100] "GET /product.php?pid=1 HTTP/1.1" 200 1688
::1 - - [16/Feb/2024:18:40:09 +0100] "GET /favicon.ico HTTP/1.1" 400 327
::1 - - [16/Feb/2024:18:40:10 +0100] "POST /product.php?pid=1 HTTP/1.1" 200 1807
::1 - - [16/Feb/2024:18:40:10 +0100] "GET /favicon.ico HTTP/1.1" 400 327
::1 - - [16/Feb/2024:19:54:45 +0100] "GET /index.php HTTP/1.1" 200 1956
::1 - - [16/Feb/2024:19:54:45 +0100] "GET /favicon.ico HTTP/1.1" 400 327
::1 - - [16/Feb/2024:19:54:49 +0100] "GET /cart.php HTTP/1.1" 200 1524
::1 - - [16/Feb/2024:19:54:49 +0100] "GET /favicon.ico HTTP/1.1" 400 327
::1 - - [16/Feb/2024:19:58:51 +0100] "GET /cart.php HTTP/1.1" 200 1714
::1 - - [16/Feb/2024:19:58:51 +0100] "GET /favicon.ico HTTP/1.1" 400 327
::1 - - [16/Feb/2024:20:09:08 +0100] "GET /cart.php HTTP/1.1" 200 1705
::1 - - [16/Feb/2024:20:09:08 +0100] "GET /favicon.ico HTTP/1.1" 400 327
::1 - - [16/Feb/2024:20:12:02 +0100] "GET /cart.php HTTP/1.1" 200 1720
::1 - - [16/Feb/2024:20:12:02 +0100] "GET /favicon.ico HTTP/1.1" 400 327
::1 - - [16/Feb/2024:20:13:44 +0100] "GET /cart.php HTTP/1.1" 200 1732
::1 - - [16/Feb/2024:20:13:44 +0100] "GET /favicon.ico HTTP/1.1" 400 327
::1 - - [16/Feb/2024:20:13:58 +0100] "GET /cart.php HTTP/1.1" 200 1735
::1 - - [16/Feb/2024:20:13:58 +0100] "GET /favicon.ico HTTP/1.1" 400 327
::1 - - [16/Feb/2024:20:14:49 +0100] "GET /cart.php HTTP/1.1" 200 1774
::1 - - [16/Feb/2024:20:14:49 +0100] "GET /favicon.ico HTTP/1.1" 400 327
::1 - - [16/Feb/2024:20:15:02 +0100] "GET /cart.php HTTP/1.1" 200 1777
::1 - - [16/Feb/2024:20:15:02 +0100] "GET /favicon.ico HTTP/1.1" 400 327
::1 - - [16/Feb/2024:20:16:05 +0100] "GET /cart.php HTTP/1.1" 200 1840
::1 - - [16/Feb/2024:20:16:05 +0100] "GET /favicon.ico HTTP/1.1" 400 327
::1 - - [16/Feb/2024:20:16:08 +0100] "GET /cart.php HTTP/1.1" 200 1840
::1 - - [16/Feb/2024:20:16:09 +0100] "GET /favicon.ico HTTP/1.1" 400 327
::1 - - [16/Feb/2024:20:20:37 +0100] "GET /cart.php HTTP/1.1" 200 1876
::1 - - [16/Feb/2024:20:20:38 +0100] "GET /favicon.ico HTTP/1.1" 400 327
::1 - - [16/Feb/2024:20:22:59 +0100] "GET /index.php HTTP/1.1" 200 1956
::1 - - [16/Feb/2024:20:22:59 +0100] "GET /favicon.ico HTTP/1.1" 400 327
::1 - - [16/Feb/2024:20:24:21 +0100] "GET /cart.php HTTP/1.1" 200 1235
::1 - - [16/Feb/2024:20:24:21 +0100] "GET /favicon.ico HTTP/1.1" 400 327
::1 - - [16/Feb/2024:20:24:23 +0100] "GET /about.php HTTP/1.1" 200 1203
::1 - - [16/Feb/2024:20:24:23 +0100] "GET /favicon.ico HTTP/1.1" 400 327
::1 - - [16/Feb/2024:20:24:24 +0100] "GET /cart.php HTTP/1.1" 200 1235
::1 - - [16/Feb/2024:20:24:24 +0100] "GET /favicon.ico HTTP/1.1" 400 327
::1 - - [16/Feb/2024:20:24:26 +0100] "GET /about.php HTTP/1.1" 200 1203
::1 - - [16/Feb/2024:20:24:26 +0100] "GET /favicon.ico HTTP/1.1" 400 327
::1 - - [16/Feb/2024:20:24:27 +0100] "GET /index.php HTTP/1.1" 200 1956
::1 - - [16/Feb/2024:20:24:27 +0100] "GET /favicon.ico HTTP/1.1" 400 327
::1 - - [16/Feb/2024:20:24:29 +0100] "GET /product.php?pid=2 HTTP/1.1" 200 1673
::1 - - [16/Feb/2024:20:24:29 +0100] "GET /favicon.ico HTTP/1.1" 400 327
::1 - - [16/Feb/2024:20:24:33 +0100] "POST /product.php?pid=2 HTTP/1.1" 200 1749
::1 - - [16/Feb/2024:20:24:33 +0100] "GET /favicon.ico HTTP/1.1" 400 327
::1 - - [16/Feb/2024:20:24:36 +0100] "GET /cart.php HTTP/1.1" 200 1449
::1 - - [16/Feb/2024:20:24:36 +0100] "GET /favicon.ico HTTP/1.1" 400 327
::1 - - [16/Feb/2024:20:24:52 +0100] "POST /product.php?pid=2 HTTP/1.1" 200 1742
::1 - - [16/Feb/2024:20:24:52 +0100] "GET /favicon.ico HTTP/1.1" 400 327
::1 - - [16/Feb/2024:20:25:04 +0100] "GET /cart.php HTTP/1.1" 200 1449
::1 - - [16/Feb/2024:20:25:04 +0100] "GET /favicon.ico HTTP/1.1" 400 327
::1 - - [16/Feb/2024:20:25:07 +0100] "GET /index.php HTTP/1.1" 200 1956
::1 - - [16/Feb/2024:20:25:08 +0100] "GET /favicon.ico HTTP/1.1" 400 327
::1 - - [16/Feb/2024:20:25:09 +0100] "GET /product.php?pid=1 HTTP/1.1" 200 1672
::1 - - [16/Feb/2024:20:25:09 +0100] "GET /favicon.ico HTTP/1.1" 400 327
::1 - - [16/Feb/2024:20:25:12 +0100] "POST /product.php?pid=1 HTTP/1.1" 200 1770
::1 - - [16/Feb/2024:20:25:13 +0100] "GET /favicon.ico HTTP/1.1" 400 327
::1 - - [16/Feb/2024:20:25:15 +0100] "GET /cart.php HTTP/1.1" 200 1663
::1 - - [16/Feb/2024:20:25:15 +0100] "GET /favicon.ico HTTP/1.1" 400 327
::1 - - [16/Feb/2024:20:25:17 +0100] "GET /index.php HTTP/1.1" 200 1956
::1 - - [16/Feb/2024:20:25:17 +0100] "GET /favicon.ico HTTP/1.1" 400 327
::1 - - [16/Feb/2024:20:25:19 +0100] "GET /product.php?pid=2 HTTP/1.1" 200 1673
::1 - - [16/Feb/2024:20:25:19 +0100] "GET /favicon.ico HTTP/1.1" 400 327
::1 - - [16/Feb/2024:20:25:21 +0100] "POST /product.php?pid=2 HTTP/1.1" 200 1771
::1 - - [16/Feb/2024:20:25:21 +0100] "GET /favicon.ico HTTP/1.1" 400 327
::1 - - [16/Feb/2024:20:25:23 +0100] "GET /cart.php HTTP/1.1" 200 1663
::1 - - [16/Feb/2024:20:25:23 +0100] "GET /favicon.ico HTTP/1.1" 400 327
::1 - - [16/Feb/2024:20:25:29 +0100] "GET /index.php HTTP/1.1" 200 1956
::1 - - [16/Feb/2024:20:25:30 +0100] "GET /favicon.ico HTTP/1.1" 400 327
::1 - - [16/Feb/2024:20:25:31 +0100] "GET /product.php?pid=2 HTTP/1.1" 200 1673
::1 - - [16/Feb/2024:20:25:31 +0100] "GET /favicon.ico HTTP/1.1" 400 327
::1 - - [16/Feb/2024:20:25:33 +0100] "POST /product.php?pid=2 HTTP/1.1" 200 1771
::1 - - [16/Feb/2024:20:25:33 +0100] "GET /favicon.ico HTTP/1.1" 400 327
::1 - - [16/Feb/2024:20:25:35 +0100] "GET /cart.php HTTP/1.1" 200 1663
::1 - - [16/Feb/2024:20:25:36 +0100] "GET /favicon.ico HTTP/1.1" 400 327
::1 - - [16/Feb/2024:20:25:48 +0100] "GET /cart.php HTTP/1.1" 200 1663
::1 - - [16/Feb/2024:20:25:48 +0100] "GET /favicon.ico HTTP/1.1" 400 327
::1 - - [16/Feb/2024:20:25:51 +0100] "GET /cart.php HTTP/1.1" 200 1663
::1 - - [16/Feb/2024:20:25:51 +0100] "GET /favicon.ico HTTP/1.1" 400 327
::1 - - [16/Feb/2024:20:26:54 +0100] "GET /index.php HTTP/1.1" 200 1956
::1 - - [16/Feb/2024:20:26:54 +0100] "GET /favicon.ico HTTP/1.1" 400 327
::1 - - [16/Feb/2024:20:26:56 +0100] "GET /cart.php HTTP/1.1" 200 1235
::1 - - [16/Feb/2024:20:26:56 +0100] "GET /favicon.ico HTTP/1.1" 400 327
::1 - - [16/Feb/2024:20:29:02 +0100] "GET /cart.php HTTP/1.1" 200 1235
::1 - - [16/Feb/2024:20:29:02 +0100] "GET /favicon.ico HTTP/1.1" 400 327
::1 - - [16/Feb/2024:20:29:03 +0100] "GET /index.php HTTP/1.1" 200 1956
::1 - - [16/Feb/2024:20:29:03 +0100] "GET /favicon.ico HTTP/1.1" 400 327
::1 - - [16/Feb/2024:20:29:05 +0100] "GET /product.php?pid=1 HTTP/1.1" 200 1672
::1 - - [16/Feb/2024:20:29:05 +0100] "GET /favicon.ico HTTP/1.1" 400 327
::1 - - [16/Feb/2024:20:29:06 +0100] "POST /product.php?pid=1 HTTP/1.1" 200 1672
::1 - - [16/Feb/2024:20:29:06 +0100] "GET /favicon.ico HTTP/1.1" 400 327
::1 - - [16/Feb/2024:20:29:08 +0100] "GET /cart.php HTTP/1.1" 200 1448
::1 - - [16/Feb/2024:20:29:08 +0100] "GET /favicon.ico HTTP/1.1" 400 327
::1 - - [16/Feb/2024:20:29:10 +0100] "GET /index.php HTTP/1.1" 200 1956
::1 - - [16/Feb/2024:20:29:10 +0100] "GET /favicon.ico HTTP/1.1" 400 327
::1 - - [16/Feb/2024:20:29:12 +0100] "GET /product.php?pid=1 HTTP/1.1" 200 1672
::1 - - [16/Feb/2024:20:29:12 +0100] "GET /favicon.ico HTTP/1.1" 400 327
::1 - - [16/Feb/2024:20:29:14 +0100] "POST /product.php?pid=1 HTTP/1.1" 200 1672
::1 - - [16/Feb/2024:20:29:14 +0100] "GET /favicon.ico HTTP/1.1" 400 327
::1 - - [16/Feb/2024:20:29:15 +0100] "GET /cart.php HTTP/1.1" 200 1448
::1 - - [16/Feb/2024:20:29:15 +0100] "GET /favicon.ico HTTP/1.1" 400 327
::1 - - [16/Feb/2024:20:29:18 +0100] "GET /index.php HTTP/1.1" 200 1956
::1 - - [16/Feb/2024:20:29:18 +0100] "GET /favicon.ico HTTP/1.1" 400 327
::1 - - [16/Feb/2024:20:29:19 +0100] "GET /product.php?pid=2 HTTP/1.1" 200 1673
::1 - - [16/Feb/2024:20:29:20 +0100] "GET /favicon.ico HTTP/1.1" 400 327
::1 - - [16/Feb/2024:20:29:26 +0100] "POST /product.php?pid=2 HTTP/1.1" 200 1673
::1 - - [16/Feb/2024:20:29:26 +0100] "GET /favicon.ico HTTP/1.1" 400 327
::1 - - [16/Feb/2024:20:29:27 +0100] "GET /cart.php HTTP/1.1" 200 1661
::1 - - [16/Feb/2024:20:29:28 +0100] "GET /favicon.ico HTTP/1.1" 400 327
::1 - - [16/Feb/2024:20:29:30 +0100] "GET /index.php HTTP/1.1" 200 1956
::1 - - [16/Feb/2024:20:29:31 +0100] "GET /favicon.ico HTTP/1.1" 400 327
::1 - - [16/Feb/2024:20:29:32 +0100] "GET /product.php?pid=2 HTTP/1.1" 200 1673
::1 - - [16/Feb/2024:20:29:32 +0100] "GET /favicon.ico HTTP/1.1" 400 327
::1 - - [16/Feb/2024:20:29:34 +0100] "POST /product.php?pid=2 HTTP/1.1" 200 1673
::1 - - [16/Feb/2024:20:29:34 +0100] "GET /favicon.ico HTTP/1.1" 400 327
::1 - - [16/Feb/2024:20:29:36 +0100] "GET /cart.php HTTP/1.1" 200 1661
::1 - - [16/Feb/2024:20:29:36 +0100] "GET /favicon.ico HTTP/1.1" 400 327
::1 - - [16/Feb/2024:20:29:39 +0100] "GET /index.php HTTP/1.1" 200 1956
::1 - - [16/Feb/2024:20:29:39 +0100] "GET /favicon.ico HTTP/1.1" 400 327
::1 - - [16/Feb/2024:20:29:40 +0100] "GET /product.php?pid=1 HTTP/1.1" 200 1672
::1 - - [16/Feb/2024:20:29:40 +0100] "GET /favicon.ico HTTP/1.1" 400 327
::1 - - [16/Feb/2024:20:29:44 +0100] "POST /product.php?pid=1 HTTP/1.1" 200 1672
::1 - - [16/Feb/2024:20:29:44 +0100] "GET /favicon.ico HTTP/1.1" 400 327
::1 - - [16/Feb/2024:20:29:47 +0100] "GET /cart.php HTTP/1.1" 200 1662
::1 - - [16/Feb/2024:20:29:47 +0100] "GET /favicon.ico HTTP/1.1" 400 327
::1 - - [16/Feb/2024:20:29:50 +0100] "GET /index.php HTTP/1.1" 200 1956
::1 - - [16/Feb/2024:20:29:50 +0100] "GET /favicon.ico HTTP/1.1" 400 327
::1 - - [16/Feb/2024:20:29:51 +0100] "GET /product.php?pid=3 HTTP/1.1" 200 1672
::1 - - [16/Feb/2024:20:29:51 +0100] "GET /favicon.ico HTTP/1.1" 400 327
::1 - - [16/Feb/2024:20:29:54 +0100] "POST /product.php?pid=3 HTTP/1.1" 200 1672
::1 - - [16/Feb/2024:20:29:54 +0100] "GET /favicon.ico HTTP/1.1" 400 327
::1 - - [16/Feb/2024:20:29:56 +0100] "GET /cart.php HTTP/1.1" 200 1876
::1 - - [16/Feb/2024:20:29:56 +0100] "GET /favicon.ico HTTP/1.1" 400 327
::1 - - [16/Feb/2024:20:30:01 +0100] "GET /index.php HTTP/1.1" 200 1956
::1 - - [16/Feb/2024:20:30:01 +0100] "GET /favicon.ico HTTP/1.1" 400 327
::1 - - [16/Feb/2024:20:30:02 +0100] "GET /product.php?pid=2 HTTP/1.1" 200 1673
::1 - - [16/Feb/2024:20:30:02 +0100] "GET /favicon.ico HTTP/1.1" 400 327
::1 - - [16/Feb/2024:20:30:04 +0100] "POST /product.php?pid=2 HTTP/1.1" 200 1673
::1 - - [16/Feb/2024:20:30:04 +0100] "GET /favicon.ico HTTP/1.1" 400 327
::1 - - [16/Feb/2024:20:30:05 +0100] "GET /cart.php HTTP/1.1" 200 1876
::1 - - [16/Feb/2024:20:30:05 +0100] "GET /favicon.ico HTTP/1.1" 400 327
::1 - - [16/Feb/2024:20:31:57 +0100] "GET /cart.php HTTP/1.1" 200 1235
::1 - - [16/Feb/2024:20:31:58 +0100] "GET /favicon.ico HTTP/1.1" 400 327
::1 - - [16/Feb/2024:20:31:59 +0100] "GET /index.php HTTP/1.1" 200 1956
::1 - - [16/Feb/2024:20:31:59 +0100] "GET /favicon.ico HTTP/1.1" 400 327
::1 - - [16/Feb/2024:20:43:32 +0100] "GET /cart.php HTTP/1.1" 200 1277
::1 - - [16/Feb/2024:20:43:32 +0100] "GET /favicon.ico HTTP/1.1" 400 327
::1 - - [16/Feb/2024:20:45:40 +0100] "GET /index.php HTTP/1.1" 200 1956
::1 - - [16/Feb/2024:20:45:40 +0100] "GET /favicon.ico HTTP/1.1" 400 327
::1 - - [16/Feb/2024:20:45:41 +0100] "GET /product.php?pid=2 HTTP/1.1" 200 1673
::1 - - [16/Feb/2024:20:45:41 +0100] "GET /favicon.ico HTTP/1.1" 400 327
::1 - - [16/Feb/2024:20:45:46 +0100] "POST /product.php?pid=2 HTTP/1.1" 200 1673
::1 - - [16/Feb/2024:20:45:46 +0100] "GET /favicon.ico HTTP/1.1" 400 327
::1 - - [16/Feb/2024:20:45:50 +0100] "POST /product.php?pid=2 HTTP/1.1" 200 1673
::1 - - [16/Feb/2024:20:45:50 +0100] "GET /favicon.ico HTTP/1.1" 400 327
::1 - - [16/Feb/2024:20:45:52 +0100] "GET /cart.php HTTP/1.1" 200 1457
::1 - - [16/Feb/2024:20:45:53 +0100] "GET /favicon.ico HTTP/1.1" 400 327
::1 - - [16/Feb/2024:20:45:56 +0100] "GET /index.php HTTP/1.1" 200 1956
::1 - - [16/Feb/2024:20:45:56 +0100] "GET /favicon.ico HTTP/1.1" 400 327
::1 - - [16/Feb/2024:20:45:57 +0100] "GET /product.php?pid=3 HTTP/1.1" 200 1672
::1 - - [16/Feb/2024:20:45:57 +0100] "GET /favicon.ico HTTP/1.1" 400 327
::1 - - [16/Feb/2024:20:46:01 +0100] "POST /product.php?pid=3 HTTP/1.1" 200 1672
::1 - - [16/Feb/2024:20:46:01 +0100] "GET /favicon.ico HTTP/1.1" 400 327
::1 - - [16/Feb/2024:20:46:02 +0100] "GET /cart.php HTTP/1.1" 200 1684
::1 - - [16/Feb/2024:20:46:02 +0100] "GET /favicon.ico HTTP/1.1" 400 327
::1 - - [16/Feb/2024:20:46:40 +0100] "GET /cart.php HTTP/1.1" 200 1678
::1 - - [16/Feb/2024:20:46:40 +0100] "GET /favicon.ico HTTP/1.1" 400 327
::1 - - [16/Feb/2024:20:46:43 +0100] "GET /cart.php HTTP/1.1" 200 1678
::1 - - [16/Feb/2024:20:46:44 +0100] "GET /favicon.ico HTTP/1.1" 400 327
::1 - - [16/Feb/2024:20:51:00 +0100] "GET /cart.php HTTP/1.1" 200 1684
::1 - - [16/Feb/2024:20:51:00 +0100] "GET /favicon.ico HTTP/1.1" 400 327
::1 - - [16/Feb/2024:20:51:02 +0100] "GET /cart.php HTTP/1.1" 200 1684
::1 - - [16/Feb/2024:20:51:02 +0100] "GET /favicon.ico HTTP/1.1" 400 327
::1 - - [16/Feb/2024:20:52:19 +0100] "GET /cart.php HTTP/1.1" 200 1699
::1 - - [16/Feb/2024:20:52:19 +0100] "GET /favicon.ico HTTP/1.1" 400 327
::1 - - [16/Feb/2024:20:53:08 +0100] "GET /cart.php HTTP/1.1" 200 1682
::1 - - [16/Feb/2024:20:53:09 +0100] "GET /favicon.ico HTTP/1.1" 400 327
::1 - - [16/Feb/2024:20:54:08 +0100] "GET /cart.php HTTP/1.1" 200 1682
::1 - - [16/Feb/2024:20:54:08 +0100] "GET /favicon.ico HTTP/1.1" 400 327
::1 - - [16/Feb/2024:20:54:16 +0100] "GET /cart.php HTTP/1.1" 200 1682
::1 - - [16/Feb/2024:20:54:17 +0100] "GET /favicon.ico HTTP/1.1" 400 327
::1 - - [16/Feb/2024:20:54:19 +0100] "GET /cart.php HTTP/1.1" 200 1682
::1 - - [16/Feb/2024:20:54:19 +0100] "GET /favicon.ico HTTP/1.1" 400 327
::1 - - [16/Feb/2024:20:54:26 +0100] "GET /index.php HTTP/1.1" 200 1956
::1 - - [16/Feb/2024:20:54:26 +0100] "GET /favicon.ico HTTP/1.1" 400 327
::1 - - [16/Feb/2024:20:54:42 +0100] "GET /cart.php HTTP/1.1" 200 1682
::1 - - [16/Feb/2024:20:54:42 +0100] "GET /favicon.ico HTTP/1.1" 400 327
::1 - - [16/Feb/2024:20:55:38 +0100] "GET /index.php HTTP/1.1" 200 1956
::1 - - [16/Feb/2024:20:55:38 +0100] "GET /favicon.ico HTTP/1.1" 400 327
::1 - - [16/Feb/2024:20:55:39 +0100] "GET /product.php?pid=3 HTTP/1.1" 200 1672
::1 - - [16/Feb/2024:20:55:39 +0100] "GET /favicon.ico HTTP/1.1" 400 327
::1 - - [16/Feb/2024:20:55:40 +0100] "POST /product.php?pid=3 HTTP/1.1" 200 1672
::1 - - [16/Feb/2024:20:55:40 +0100] "GET /favicon.ico HTTP/1.1" 400 327
::1 - - [16/Feb/2024:20:55:42 +0100] "GET /cart.php HTTP/1.1" 200 1683
::1 - - [16/Feb/2024:20:55:42 +0100] "GET /favicon.ico HTTP/1.1" 400 327
::1 - - [16/Feb/2024:21:51:11 +0100] "GET /cart.php HTTP/1.1" 200 1277
::1 - - [16/Feb/2024:21:51:11 +0100] "GET /favicon.ico HTTP/1.1" 400 327
::1 - - [16/Feb/2024:21:52:27 +0100] "GET /index.php HTTP/1.1" 200 1956
::1 - - [16/Feb/2024:21:52:27 +0100] "GET /favicon.ico HTTP/1.1" 400 327
::1 - - [16/Feb/2024:21:52:29 +0100] "GET /product.php?pid=2 HTTP/1.1" 200 1673
::1 - - [16/Feb/2024:21:52:29 +0100] "GET /favicon.ico HTTP/1.1" 400 327
::1 - - [16/Feb/2024:21:52:32 +0100] "POST /product.php?pid=2 HTTP/1.1" 200 1673
::1 - - [16/Feb/2024:21:52:32 +0100] "GET /favicon.ico HTTP/1.1" 400 327
::1 - - [16/Feb/2024:21:52:33 +0100] "GET /cart.php HTTP/1.1" 200 1482
::1 - - [16/Feb/2024:21:52:33 +0100] "GET /favicon.ico HTTP/1.1" 400 327
::1 - - [16/Feb/2024:21:52:35 +0100] "GET /index.php HTTP/1.1" 200 1956
::1 - - [16/Feb/2024:21:52:35 +0100] "GET /favicon.ico HTTP/1.1" 400 327
::1 - - [16/Feb/2024:21:52:37 +0100] "GET /product.php?pid=3 HTTP/1.1" 200 1672
::1 - - [16/Feb/2024:21:52:37 +0100] "GET /favicon.ico HTTP/1.1" 400 327
::1 - - [16/Feb/2024:21:52:40 +0100] "POST /product.php?pid=3 HTTP/1.1" 200 1672
::1 - - [16/Feb/2024:21:52:40 +0100] "GET /favicon.ico HTTP/1.1" 400 327
::1 - - [16/Feb/2024:21:52:42 +0100] "GET /cart.php HTTP/1.1" 200 1709
::1 - - [16/Feb/2024:21:52:42 +0100] "GET /favicon.ico HTTP/1.1" 400 327
::1 - - [16/Feb/2024:21:53:54 +0100] "GET /cart.php HTTP/1.1" 200 1678
::1 - - [16/Feb/2024:21:53:54 +0100] "GET /favicon.ico HTTP/1.1" 400 327
::1 - - [16/Feb/2024:21:54:03 +0100] "GET /cart.php HTTP/1.1" 200 1675
::1 - - [16/Feb/2024:21:54:03 +0100] "GET /favicon.ico HTTP/1.1" 400 327
::1 - - [16/Feb/2024:21:54:07 +0100] "GET /cart.php HTTP/1.1" 200 1675
::1 - - [16/Feb/2024:21:54:07 +0100] "GET /favicon.ico HTTP/1.1" 400 327
::1 - - [16/Feb/2024:21:54:08 +0100] "GET /about.php HTTP/1.1" 200 1203
::1 - - [16/Feb/2024:21:54:08 +0100] "GET /favicon.ico HTTP/1.1" 400 327
::1 - - [16/Feb/2024:21:54:09 +0100] "GET /index.php HTTP/1.1" 200 1956
::1 - - [16/Feb/2024:21:54:09 +0100] "GET /favicon.ico HTTP/1.1" 400 327
::1 - - [16/Feb/2024:21:54:10 +0100] "GET /cart.php HTTP/1.1" 200 1675
::1 - - [16/Feb/2024:21:54:10 +0100] "GET /favicon.ico HTTP/1.1" 400 327
::1 - - [16/Feb/2024:22:10:38 +0100] "GET /index.php HTTP/1.1" 200 2216
::1 - - [16/Feb/2024:22:10:38 +0100] "GET /favicon.ico HTTP/1.1" 400 327
::1 - - [16/Feb/2024:22:10:55 +0100] "GET / HTTP/1.1" 200 2216
::1 - - [16/Feb/2024:22:10:55 +0100] "GET /favicon.ico HTTP/1.1" 400 327
::1 - - [16/Feb/2024:22:10:55 +0100] "GET / HTTP/1.1" 200 2216
::1 - - [16/Feb/2024:22:10:55 +0100] "GET /favicon.ico HTTP/1.1" 400 327
::1 - - [16/Feb/2024:22:22:22 +0100] "GET / HTTP/1.1" 200 1926
::1 - - [16/Feb/2024:22:22:22 +0100] "GET /favicon.ico HTTP/1.1" 400 327
::1 - - [16/Feb/2024:22:25:02 +0100] "GET / HTTP/1.1" 200 1938
::1 - - [16/Feb/2024:22:25:02 +0100] "GET /favicon.ico HTTP/1.1" 400 327
::1 - - [16/Feb/2024:22:28:04 +0100] "GET / HTTP/1.1" 200 1875
::1 - - [16/Feb/2024:22:28:04 +0100] "GET /favicon.ico HTTP/1.1" 400 327
::1 - - [16/Feb/2024:22:28:33 +0100] "GET /cart.php HTTP/1.1" 200 1657
::1 - - [16/Feb/2024:22:28:33 +0100] "GET /favicon.ico HTTP/1.1" 400 327
::1 - - [16/Feb/2024:22:28:36 +0100] "GET /about.php HTTP/1.1" 200 1185
::1 - - [16/Feb/2024:22:28:36 +0100] "GET /favicon.ico HTTP/1.1" 400 327
::1 - - [16/Feb/2024:22:28:37 +0100] "GET /index.php HTTP/1.1" 200 1875
::1 - - [16/Feb/2024:22:28:37 +0100] "GET /favicon.ico HTTP/1.1" 400 327
::1 - - [16/Feb/2024:22:28:38 +0100] "GET /cart.php HTTP/1.1" 200 1657
::1 - - [16/Feb/2024:22:28:38 +0100] "GET /favicon.ico HTTP/1.1" 400 327
::1 - - [16/Feb/2024:22:35:11 +0100] "GET /cart.php HTTP/1.1" 200 1700
::1 - - [16/Feb/2024:22:35:11 +0100] "GET /favicon.ico HTTP/1.1" 400 327
::1 - - [16/Feb/2024:22:35:44 +0100] "GET / HTTP/1.1" 200 1875
::1 - - [16/Feb/2024:22:35:44 +0100] "GET /favicon.ico HTTP/1.1" 400 327
::1 - - [16/Feb/2024:22:35:46 +0100] "GET /about.php HTTP/1.1" 200 1185
::1 - - [16/Feb/2024:22:35:46 +0100] "GET /favicon.ico HTTP/1.1" 400 327
::1 - - [16/Feb/2024:22:35:47 +0100] "GET /cart.php HTTP/1.1" 200 1700
::1 - - [16/Feb/2024:22:35:47 +0100] "GET /favicon.ico HTTP/1.1" 400 327
::1 - - [16/Feb/2024:22:35:53 +0100] "GET /index.php HTTP/1.1" 200 1875
::1 - - [16/Feb/2024:22:35:53 +0100] "GET /favicon.ico HTTP/1.1" 400 327
::1 - - [16/Feb/2024:22:35:56 +0100] "GET /product.php?pid=2 HTTP/1.1" 200 1655
::1 - - [16/Feb/2024:22:35:56 +0100] "GET /favicon.ico HTTP/1.1" 400 327
::1 - - [16/Feb/2024:22:36:00 +0100] "POST /product.php?pid=2 HTTP/1.1" 200 1655
::1 - - [16/Feb/2024:22:36:00 +0100] "GET /favicon.ico HTTP/1.1" 400 327
::1 - - [16/Feb/2024:22:36:02 +0100] "GET /index.php HTTP/1.1" 200 1875
::1 - - [16/Feb/2024:22:36:02 +0100] "GET /favicon.ico HTTP/1.1" 400 327
::1 - - [16/Feb/2024:22:36:03 +0100] "GET /product.php?pid=1 HTTP/1.1" 200 1654
::1 - - [16/Feb/2024:22:36:03 +0100] "GET /favicon.ico HTTP/1.1" 400 327
::1 - - [16/Feb/2024:22:36:04 +0100] "POST /product.php?pid=1 HTTP/1.1" 200 1654
::1 - - [16/Feb/2024:22:36:05 +0100] "GET /favicon.ico HTTP/1.1" 400 327
::1 - - [16/Feb/2024:22:36:07 +0100] "GET /cart.php HTTP/1.1" 200 1930
::1 - - [16/Feb/2024:22:36:07 +0100] "GET /favicon.ico HTTP/1.1" 400 327
::1 - - [16/Feb/2024:22:52:09 +0100] "GET / HTTP/1.1" 200 1947
::1 - - [16/Feb/2024:22:52:09 +0100] "GET /favicon.ico HTTP/1.1" 400 327
::1 - - [16/Feb/2024:22:52:12 +0100] "GET /about.php HTTP/1.1" 200 1257
::1 - - [16/Feb/2024:22:52:12 +0100] "GET /favicon.ico HTTP/1.1" 400 327
::1 - - [16/Feb/2024:22:52:13 +0100] "GET /cart.php HTTP/1.1" 200 2002
::1 - - [16/Feb/2024:22:52:13 +0100] "GET /favicon.ico HTTP/1.1" 400 327
::1 - - [16/Feb/2024:22:52:15 +0100] "GET /about.php HTTP/1.1" 200 1257
::1 - - [16/Feb/2024:22:52:15 +0100] "GET /favicon.ico HTTP/1.1" 400 327
::1 - - [16/Feb/2024:22:52:16 +0100] "GET /index.php HTTP/1.1" 200 1947
::1 - - [16/Feb/2024:22:52:16 +0100] "GET /favicon.ico HTTP/1.1" 400 327
::1 - - [16/Feb/2024:22:52:50 +0100] "GET /index.php HTTP/1.1" 200 1956
::1 - - [16/Feb/2024:22:52:50 +0100] "GET /favicon.ico HTTP/1.1" 400 327
::1 - - [16/Feb/2024:22:52:52 +0100] "GET /about.php HTTP/1.1" 200 1266
::1 - - [16/Feb/2024:22:52:52 +0100] "GET /favicon.ico HTTP/1.1" 400 327
::1 - - [16/Feb/2024:22:52:53 +0100] "GET /cart.php HTTP/1.1" 200 2011
::1 - - [16/Feb/2024:22:52:53 +0100] "GET /favicon.ico HTTP/1.1" 400 327
::1 - - [16/Feb/2024:22:52:54 +0100] "GET /about.php HTTP/1.1" 200 1266
::1 - - [16/Feb/2024:22:52:54 +0100] "GET /favicon.ico HTTP/1.1" 400 327
::1 - - [16/Feb/2024:22:52:55 +0100] "GET /index.php HTTP/1.1" 200 1956
::1 - - [16/Feb/2024:22:52:55 +0100] "GET /favicon.ico HTTP/1.1" 400 327
::1 - - [16/Feb/2024:22:52:55 +0100] "GET / HTTP/1.1" 200 1956
::1 - - [16/Feb/2024:22:52:56 +0100] "GET /favicon.ico HTTP/1.1" 400 327
::1 - - [16/Feb/2024:22:52:58 +0100] "GET /about.php HTTP/1.1" 200 1266
::1 - - [16/Feb/2024:22:52:58 +0100] "GET /favicon.ico HTTP/1.1" 400 327
::1 - - [16/Feb/2024:22:52:59 +0100] "GET / HTTP/1.1" 200 1956
::1 - - [16/Feb/2024:22:52:59 +0100] "GET /favicon.ico HTTP/1.1" 400 327
::1 - - [16/Feb/2024:22:53:00 +0100] "GET /cart.php HTTP/1.1" 200 2011
::1 - - [16/Feb/2024:22:53:00 +0100] "GET /favicon.ico HTTP/1.1" 400 327
::1 - - [16/Feb/2024:22:53:01 +0100] "GET /about.php HTTP/1.1" 200 1266
::1 - - [16/Feb/2024:22:53:01 +0100] "GET /favicon.ico HTTP/1.1" 400 327
::1 - - [16/Feb/2024:22:53:01 +0100] "GET /index.php HTTP/1.1" 200 1956
::1 - - [16/Feb/2024:22:53:01 +0100] "GET /favicon.ico HTTP/1.1" 400 327
::1 - - [16/Feb/2024:22:53:03 +0100] "GET /about.php HTTP/1.1" 200 1266
::1 - - [16/Feb/2024:22:53:03 +0100] "GET /favicon.ico HTTP/1.1" 400 327
::1 - - [16/Feb/2024:22:53:03 +0100] "GET /cart.php HTTP/1.1" 200 2011
::1 - - [16/Feb/2024:22:53:04 +0100] "GET /favicon.ico HTTP/1.1" 400 327
::1 - - [16/Feb/2024:22:53:04 +0100] "GET /index.php HTTP/1.1" 200 1956
::1 - - [16/Feb/2024:22:53:04 +0100] "GET /favicon.ico HTTP/1.1" 400 327
::1 - - [16/Feb/2024:22:53:06 +0100] "GET / HTTP/1.1" 200 1956
::1 - - [16/Feb/2024:22:53:07 +0100] "GET /favicon.ico HTTP/1.1" 400 327
::1 - - [16/Feb/2024:22:53:08 +0100] "GET /about.php HTTP/1.1" 200 1266
::1 - - [16/Feb/2024:22:53:08 +0100] "GET /favicon.ico HTTP/1.1" 400 327
::1 - - [16/Feb/2024:22:53:08 +0100] "GET /cart.php HTTP/1.1" 200 2011
::1 - - [16/Feb/2024:22:53:09 +0100] "GET /favicon.ico HTTP/1.1" 400 327
::1 - - [16/Feb/2024:22:55:24 +0100] "GET /cart.php HTTP/1.1" 200 2010
::1 - - [16/Feb/2024:22:55:24 +0100] "GET /favicon.ico HTTP/1.1" 400 327
::1 - - [16/Feb/2024:22:55:26 +0100] "GET /index.php HTTP/1.1" 200 1955
::1 - - [16/Feb/2024:22:55:26 +0100] "GET /favicon.ico HTTP/1.1" 400 327
::1 - - [16/Feb/2024:22:55:27 +0100] "GET /about.php HTTP/1.1" 200 1265
::1 - - [16/Feb/2024:22:55:27 +0100] "GET /favicon.ico HTTP/1.1" 400 327
::1 - - [16/Feb/2024:22:55:28 +0100] "GET /cart.php HTTP/1.1" 200 2010
::1 - - [16/Feb/2024:22:55:28 +0100] "GET /favicon.ico HTTP/1.1" 400 327
::1 - - [16/Feb/2024:22:55:29 +0100] "GET /index.php HTTP/1.1" 200 1955
::1 - - [16/Feb/2024:22:55:30 +0100] "GET /favicon.ico HTTP/1.1" 400 327
::1 - - [16/Feb/2024:22:55:30 +0100] "GET /index.php HTTP/1.1" 200 1955
::1 - - [16/Feb/2024:22:55:30 +0100] "GET /favicon.ico HTTP/1.1" 400 327
::1 - - [16/Feb/2024:22:55:32 +0100] "GET /about.php HTTP/1.1" 200 1265
::1 - - [16/Feb/2024:22:55:32 +0100] "GET /favicon.ico HTTP/1.1" 400 327
::1 - - [16/Feb/2024:22:56:18 +0100] "GET /about.php HTTP/1.1" 200 1266
::1 - - [16/Feb/2024:22:56:18 +0100] "GET /favicon.ico HTTP/1.1" 400 327
::1 - - [16/Feb/2024:22:56:47 +0100] "GET /index.php HTTP/1.1" 200 1956
::1 - - [16/Feb/2024:22:56:47 +0100] "GET /favicon.ico HTTP/1.1" 400 327
::1 - - [16/Feb/2024:22:56:48 +0100] "GET /about.php HTTP/1.1" 200 1266
::1 - - [16/Feb/2024:22:56:48 +0100] "GET /favicon.ico HTTP/1.1" 400 327
::1 - - [16/Feb/2024:22:56:49 +0100] "GET /cart.php HTTP/1.1" 200 2011
::1 - - [16/Feb/2024:22:56:49 +0100] "GET /favicon.ico HTTP/1.1" 400 327
::1 - - [16/Feb/2024:22:56:54 +0100] "GET /about.php HTTP/1.1" 200 1266
::1 - - [16/Feb/2024:22:56:54 +0100] "GET /favicon.ico HTTP/1.1" 400 327
::1 - - [16/Feb/2024:22:56:54 +0100] "GET /index.php HTTP/1.1" 200 1956
::1 - - [16/Feb/2024:22:56:54 +0100] "GET /favicon.ico HTTP/1.1" 400 327
::1 - - [16/Feb/2024:22:56:56 +0100] "GET /cart.php HTTP/1.1" 200 2011
::1 - - [16/Feb/2024:22:56:56 +0100] "GET /favicon.ico HTTP/1.1" 400 327
::1 - - [16/Feb/2024:22:57:57 +0100] "GET /cart.php HTTP/1.1" 200 1876
::1 - - [16/Feb/2024:22:57:57 +0100] "GET /favicon.ico HTTP/1.1" 400 327
::1 - - [16/Feb/2024:22:58:07 +0100] "GET /index.php HTTP/1.1" 200 1956
::1 - - [16/Feb/2024:22:58:07 +0100] "GET /favicon.ico HTTP/1.1" 400 327
::1 - - [16/Feb/2024:22:58:09 +0100] "GET /about.php HTTP/1.1" 200 1266
::1 - - [16/Feb/2024:22:58:09 +0100] "GET /favicon.ico HTTP/1.1" 400 327
::1 - - [16/Feb/2024:22:58:10 +0100] "GET /cart.php HTTP/1.1" 200 1876
::1 - - [16/Feb/2024:22:58:10 +0100] "GET /favicon.ico HTTP/1.1" 400 327
::1 - - [16/Feb/2024:22:58:11 +0100] "GET /index.php HTTP/1.1" 200 1956
::1 - - [16/Feb/2024:22:58:11 +0100] "GET /favicon.ico HTTP/1.1" 400 327
::1 - - [16/Feb/2024:22:58:13 +0100] "GET /about.php HTTP/1.1" 200 1266
::1 - - [16/Feb/2024:22:58:13 +0100] "GET /favicon.ico HTTP/1.1" 400 327
::1 - - [16/Feb/2024:22:58:14 +0100] "GET /cart.php HTTP/1.1" 200 1876
::1 - - [16/Feb/2024:22:58:14 +0100] "GET /favicon.ico HTTP/1.1" 400 327
::1 - - [16/Feb/2024:22:58:24 +0100] "GET /index.php HTTP/1.1" 200 1956
::1 - - [16/Feb/2024:22:58:24 +0100] "GET /favicon.ico HTTP/1.1" 400 327
::1 - - [16/Feb/2024:22:58:28 +0100] "GET /product.php?pid=1 HTTP/1.1" 200 1729
::1 - - [16/Feb/2024:22:58:29 +0100] "GET /favicon.ico HTTP/1.1" 400 327
::1 - - [16/Feb/2024:22:58:31 +0100] "GET /cart.php HTTP/1.1" 200 1876
::1 - - [16/Feb/2024:22:58:31 +0100] "GET /favicon.ico HTTP/1.1" 400 327
::1 - - [16/Feb/2024:22:58:33 +0100] "GET /index.php HTTP/1.1" 200 1956
::1 - - [16/Feb/2024:22:58:33 +0100] "GET /favicon.ico HTTP/1.1" 400 327
::1 - - [16/Feb/2024:22:58:34 +0100] "GET /product.php?pid=1 HTTP/1.1" 200 1729
::1 - - [16/Feb/2024:22:58:35 +0100] "GET /favicon.ico HTTP/1.1" 400 327
::1 - - [16/Feb/2024:22:58:37 +0100] "POST /product.php?pid=1 HTTP/1.1" 200 1729
::1 - - [16/Feb/2024:22:58:37 +0100] "GET /favicon.ico HTTP/1.1" 400 327
::1 - - [16/Feb/2024:22:58:39 +0100] "GET /cart.php HTTP/1.1" 200 1876
::1 - - [16/Feb/2024:22:58:39 +0100] "GET /favicon.ico HTTP/1.1" 400 327
::1 - - [16/Feb/2024:23:00:18 +0100] "GET /index.php HTTP/1.1" 200 1956
::1 - - [16/Feb/2024:23:00:19 +0100] "GET /favicon.ico HTTP/1.1" 400 327
::1 - - [16/Feb/2024:23:00:34 +0100] "GET /index.php HTTP/1.1" 200 1956
::1 - - [16/Feb/2024:23:00:34 +0100] "GET /favicon.ico HTTP/1.1" 400 327
::1 - - [16/Feb/2024:23:00:44 +0100] "GET /index.php HTTP/1.1" 200 1956
::1 - - [16/Feb/2024:23:00:44 +0100] "GET /favicon.ico HTTP/1.1" 400 327
::1 - - [16/Feb/2024:23:01:24 +0100] "GET /index.php HTTP/1.1" 200 1956
::1 - - [16/Feb/2024:23:01:24 +0100] "GET /favicon.ico HTTP/1.1" 400 327
::1 - - [16/Feb/2024:23:01:26 +0100] "GET /about.php HTTP/1.1" 200 1266
::1 - - [16/Feb/2024:23:01:26 +0100] "GET /favicon.ico HTTP/1.1" 400 327
::1 - - [16/Feb/2024:23:01:27 +0100] "GET /cart.php HTTP/1.1" 200 1876
::1 - - [16/Feb/2024:23:01:27 +0100] "GET /favicon.ico HTTP/1.1" 400 327
::1 - - [16/Feb/2024:23:01:28 +0100] "GET /index.php HTTP/1.1" 200 1956
::1 - - [16/Feb/2024:23:01:28 +0100] "GET /favicon.ico HTTP/1.1" 400 327
::1 - - [16/Feb/2024:23:01:29 +0100] "GET /about.php HTTP/1.1" 200 1266
::1 - - [16/Feb/2024:23:01:29 +0100] "GET /favicon.ico HTTP/1.1" 400 327
::1 - - [16/Feb/2024:23:01:30 +0100] "GET /cart.php HTTP/1.1" 200 1876
::1 - - [16/Feb/2024:23:01:30 +0100] "GET /favicon.ico HTTP/1.1" 400 327
::1 - - [16/Feb/2024:23:01:32 +0100] "GET /index.php HTTP/1.1" 200 1956
::1 - - [16/Feb/2024:23:01:32 +0100] "GET /favicon.ico HTTP/1.1" 400 327
::1 - - [16/Feb/2024:23:11:16 +0100] "GET /index.php HTTP/1.1" 200 1987
::1 - - [16/Feb/2024:23:11:16 +0100] "GET /favicon.ico HTTP/1.1" 400 327
::1 - - [16/Feb/2024:23:11:55 +0100] "GET /index.php HTTP/1.1" 200 2011
::1 - - [16/Feb/2024:23:11:55 +0100] "GET /favicon.ico HTTP/1.1" 400 327
::1 - - [16/Feb/2024:23:12:18 +0100] "GET /index.php HTTP/1.1" 200 2015
::1 - - [16/Feb/2024:23:12:18 +0100] "GET /favicon.ico HTTP/1.1" 400 327
::1 - - [16/Feb/2024:23:12:35 +0100] "GET /index.php HTTP/1.1" 200 2016
::1 - - [16/Feb/2024:23:12:35 +0100] "GET /favicon.ico HTTP/1.1" 400 327
::1 - - [16/Feb/2024:23:15:12 +0100] "GET /index.php HTTP/1.1" 200 3395
::1 - - [16/Feb/2024:23:15:13 +0100] "GET /favicon.ico HTTP/1.1" 400 327
::1 - - [16/Feb/2024:23:23:19 +0100] "GET /index.php HTTP/1.1" 200 4344
::1 - - [16/Feb/2024:23:23:19 +0100] "GET /favicon.ico HTTP/1.1" 400 327
::1 - - [16/Feb/2024:23:23:20 +0100] "GET /index.php HTTP/1.1" 200 4344
::1 - - [16/Feb/2024:23:23:21 +0100] "GET /favicon.ico HTTP/1.1" 400 327
::1 - - [16/Feb/2024:23:23:21 +0100] "GET /about.php HTTP/1.1" 200 1266
::1 - - [16/Feb/2024:23:23:21 +0100] "GET /favicon.ico HTTP/1.1" 400 327
::1 - - [16/Feb/2024:23:23:22 +0100] "GET /index.php HTTP/1.1" 200 4344
::1 - - [16/Feb/2024:23:23:23 +0100] "GET /favicon.ico HTTP/1.1" 400 327
::1 - - [16/Feb/2024:23:25:00 +0100] "GET /index.php HTTP/1.1" 200 4542
::1 - - [16/Feb/2024:23:25:00 +0100] "GET /favicon.ico HTTP/1.1" 400 327
::1 - - [16/Feb/2024:23:25:48 +0100] "GET /index.php HTTP/1.1" 200 4541
::1 - - [16/Feb/2024:23:25:48 +0100] "GET /favicon.ico HTTP/1.1" 400 327
::1 - - [16/Feb/2024:23:30:58 +0100] "GET /index.php HTTP/1.1" 200 4580
::1 - - [16/Feb/2024:23:30:58 +0100] "GET /favicon.ico HTTP/1.1" 400 327
::1 - - [16/Feb/2024:23:31:25 +0100] "GET /index.php HTTP/1.1" 200 4580
::1 - - [16/Feb/2024:23:31:25 +0100] "GET /favicon.ico HTTP/1.1" 400 327
::1 - - [16/Feb/2024:23:31:56 +0100] "GET /index.php HTTP/1.1" 200 4580
::1 - - [16/Feb/2024:23:31:56 +0100] "GET /favicon.ico HTTP/1.1" 400 327
::1 - - [16/Feb/2024:23:33:00 +0100] "GET /index.php HTTP/1.1" 200 4580
::1 - - [16/Feb/2024:23:33:00 +0100] "GET /favicon.ico HTTP/1.1" 400 327
::1 - - [16/Feb/2024:23:33:10 +0100] "GET /index.php HTTP/1.1" 200 4580
::1 - - [16/Feb/2024:23:33:10 +0100] "GET /favicon.ico HTTP/1.1" 400 327
::1 - - [16/Feb/2024:23:33:25 +0100] "GET /index.php HTTP/1.1" 200 4580
::1 - - [16/Feb/2024:23:33:25 +0100] "GET /favicon.ico HTTP/1.1" 400 327
::1 - - [16/Feb/2024:23:34:04 +0100] "GET /index.php HTTP/1.1" 200 4625
::1 - - [16/Feb/2024:23:34:05 +0100] "GET /favicon.ico HTTP/1.1" 400 327
::1 - - [16/Feb/2024:23:37:28 +0100] "GET /index.php HTTP/1.1" 200 5138
::1 - - [16/Feb/2024:23:37:28 +0100] "GET /favicon.ico HTTP/1.1" 400 327
::1 - - [16/Feb/2024:23:38:12 +0100] "GET /index.php HTTP/1.1" 200 5174
::1 - - [16/Feb/2024:23:38:12 +0100] "GET /favicon.ico HTTP/1.1" 400 327
::1 - - [16/Feb/2024:23:38:41 +0100] "GET /index.php HTTP/1.1" 200 5138
::1 - - [16/Feb/2024:23:38:41 +0100] "GET /favicon.ico HTTP/1.1" 400 327
::1 - - [16/Feb/2024:23:39:00 +0100] "GET /index.php HTTP/1.1" 200 5246
::1 - - [16/Feb/2024:23:39:00 +0100] "GET /favicon.ico HTTP/1.1" 400 327
::1 - - [16/Feb/2024:23:39:14 +0100] "GET /index.php HTTP/1.1" 200 5246
::1 - - [16/Feb/2024:23:39:14 +0100] "GET /favicon.ico HTTP/1.1" 400 327
::1 - - [16/Feb/2024:23:39:43 +0100] "GET /index.php HTTP/1.1" 200 5354
::1 - - [16/Feb/2024:23:39:43 +0100] "GET /favicon.ico HTTP/1.1" 400 327
::1 - - [16/Feb/2024:23:40:34 +0100] "GET /index.php HTTP/1.1" 200 5552
::1 - - [16/Feb/2024:23:40:34 +0100] "GET /favicon.ico HTTP/1.1" 400 327
::1 - - [16/Feb/2024:23:41:51 +0100] "GET /index.php HTTP/1.1" 200 5615
::1 - - [16/Feb/2024:23:41:51 +0100] "GET /favicon.ico HTTP/1.1" 400 327
::1 - - [16/Feb/2024:23:42:39 +0100] "GET /index.php HTTP/1.1" 200 5660
::1 - - [16/Feb/2024:23:42:40 +0100] "GET /favicon.ico HTTP/1.1" 400 327
::1 - - [16/Feb/2024:23:44:27 +0100] "GET /product.php?pid=2 HTTP/1.1" 200 1758
::1 - - [16/Feb/2024:23:44:27 +0100] "GET /favicon.ico HTTP/1.1" 400 327
::1 - - [16/Feb/2024:23:44:31 +0100] "POST /product.php?pid=2 HTTP/1.1" 200 1758
::1 - - [16/Feb/2024:23:44:31 +0100] "GET /favicon.ico HTTP/1.1" 400 327
::1 - - [16/Feb/2024:23:44:33 +0100] "GET /index.php HTTP/1.1" 200 5660
::1 - - [16/Feb/2024:23:44:33 +0100] "GET /favicon.ico HTTP/1.1" 400 327
::1 - - [16/Feb/2024:23:44:34 +0100] "GET /product.php?pid=8 HTTP/1.1" 200 1765
::1 - - [16/Feb/2024:23:44:34 +0100] "GET /favicon.ico HTTP/1.1" 400 327
::1 - - [16/Feb/2024:23:44:37 +0100] "POST /product.php?pid=8 HTTP/1.1" 200 1765
::1 - - [16/Feb/2024:23:44:37 +0100] "GET /favicon.ico HTTP/1.1" 400 327
::1 - - [16/Feb/2024:23:44:38 +0100] "GET /index.php HTTP/1.1" 200 5660
::1 - - [16/Feb/2024:23:44:38 +0100] "GET /favicon.ico HTTP/1.1" 400 327
::1 - - [16/Feb/2024:23:44:39 +0100] "GET /product.php?pid=9 HTTP/1.1" 200 1760
::1 - - [16/Feb/2024:23:44:39 +0100] "GET /favicon.ico HTTP/1.1" 400 327
::1 - - [16/Feb/2024:23:44:42 +0100] "POST /product.php?pid=9 HTTP/1.1" 200 1760
::1 - - [16/Feb/2024:23:44:42 +0100] "GET /favicon.ico HTTP/1.1" 400 327
::1 - - [16/Feb/2024:23:44:43 +0100] "GET /index.php HTTP/1.1" 200 5660
::1 - - [16/Feb/2024:23:44:44 +0100] "GET /favicon.ico HTTP/1.1" 400 327
::1 - - [16/Feb/2024:23:44:45 +0100] "GET /product.php?pid=4 HTTP/1.1" 200 1755
::1 - - [16/Feb/2024:23:44:45 +0100] "GET /favicon.ico HTTP/1.1" 400 327
::1 - - [16/Feb/2024:23:44:47 +0100] "POST /product.php?pid=4 HTTP/1.1" 200 1755
::1 - - [16/Feb/2024:23:44:47 +0100] "GET /favicon.ico HTTP/1.1" 400 327
::1 - - [16/Feb/2024:23:44:48 +0100] "GET /index.php HTTP/1.1" 200 5660
::1 - - [16/Feb/2024:23:44:49 +0100] "GET /favicon.ico HTTP/1.1" 400 327
::1 - - [16/Feb/2024:23:44:49 +0100] "GET /product.php?pid=6 HTTP/1.1" 200 1758
::1 - - [16/Feb/2024:23:44:49 +0100] "GET /favicon.ico HTTP/1.1" 400 327
::1 - - [16/Feb/2024:23:44:52 +0100] "POST /product.php?pid=6 HTTP/1.1" 200 1758
::1 - - [16/Feb/2024:23:44:52 +0100] "GET /favicon.ico HTTP/1.1" 400 327
::1 - - [16/Feb/2024:23:44:54 +0100] "GET /index.php HTTP/1.1" 200 5660
::1 - - [16/Feb/2024:23:44:54 +0100] "GET /favicon.ico HTTP/1.1" 400 327
::1 - - [16/Feb/2024:23:44:56 +0100] "GET /product.php?pid=8 HTTP/1.1" 200 1765
::1 - - [16/Feb/2024:23:44:56 +0100] "GET /favicon.ico HTTP/1.1" 400 327
::1 - - [16/Feb/2024:23:44:58 +0100] "POST /product.php?pid=8 HTTP/1.1" 200 1765
::1 - - [16/Feb/2024:23:44:59 +0100] "GET /favicon.ico HTTP/1.1" 400 327
::1 - - [16/Feb/2024:23:45:01 +0100] "GET /cart.php HTTP/1.1" 200 2642
::1 - - [16/Feb/2024:23:45:01 +0100] "GET /favicon.ico HTTP/1.1" 400 327
::1 - - [16/Feb/2024:23:46:40 +0100] "GET /index.php HTTP/1.1" 200 5660
::1 - - [16/Feb/2024:23:46:40 +0100] "GET /favicon.ico HTTP/1.1" 400 327
::1 - - [16/Feb/2024:23:46:42 +0100] "GET /cart.php HTTP/1.1" 200 2642
::1 - - [16/Feb/2024:23:46:42 +0100] "GET /favicon.ico HTTP/1.1" 400 327
::1 - - [16/Feb/2024:23:46:43 +0100] "GET /index.php HTTP/1.1" 200 5660
::1 - - [16/Feb/2024:23:46:43 +0100] "GET /favicon.ico HTTP/1.1" 400 327
::1 - - [17/Feb/2024:00:00:29 +0100] "GET /about.php HTTP/1.1" 200 1294
::1 - - [17/Feb/2024:00:00:29 +0100] "GET /favicon.ico HTTP/1.1" 400 327
::1 - - [17/Feb/2024:00:00:30 +0100] "GET /cart.php HTTP/1.1" 200 2642
::1 - - [17/Feb/2024:00:00:30 +0100] "GET /favicon.ico HTTP/1.1" 400 327
::1 - - [17/Feb/2024:00:00:34 +0100] "GET /index.php HTTP/1.1" 200 5660
::1 - - [17/Feb/2024:00:00:35 +0100] "GET /favicon.ico HTTP/1.1" 400 327
::1 - - [17/Feb/2024:00:03:17 +0100] "GET /product.php?pid=1 HTTP/1.1" 200 1757
::1 - - [17/Feb/2024:00:03:17 +0100] "GET /favicon.ico HTTP/1.1" 400 327
::1 - - [17/Feb/2024:00:17:46 +0100] "GET /product.php?pid=1 HTTP/1.1" 200 2534
::1 - - [17/Feb/2024:00:17:46 +0100] "GET /favicon.ico HTTP/1.1" 400 327
::1 - - [17/Feb/2024:00:18:59 +0100] "GET /product.php?pid=1 HTTP/1.1" 200 2555
::1 - - [17/Feb/2024:00:18:59 +0100] "GET /favicon.ico HTTP/1.1" 400 327
::1 - - [17/Feb/2024:00:19:21 +0100] "GET /product.php?pid=1 HTTP/1.1" 200 2558
::1 - - [17/Feb/2024:00:19:21 +0100] "GET /favicon.ico HTTP/1.1" 400 327
::1 - - [17/Feb/2024:00:19:31 +0100] "GET /product.php?pid=1 HTTP/1.1" 200 2550
::1 - - [17/Feb/2024:00:19:31 +0100] "GET /favicon.ico HTTP/1.1" 400 327
::1 - - [17/Feb/2024:00:36:13 +0100] "GET /product.php?pid=1 HTTP/1.1" 200 2607
::1 - - [17/Feb/2024:00:36:13 +0100] "GET /favicon.ico HTTP/1.1" 400 327
::1 - - [17/Feb/2024:00:36:35 +0100] "GET /product.php?pid=1 HTTP/1.1" 200 2585
::1 - - [17/Feb/2024:00:36:36 +0100] "GET /favicon.ico HTTP/1.1" 400 327
::1 - - [17/Feb/2024:00:37:13 +0100] "GET /product.php?pid=1 HTTP/1.1" 200 2590
::1 - - [17/Feb/2024:00:37:13 +0100] "GET /favicon.ico HTTP/1.1" 400 327
::1 - - [17/Feb/2024:00:37:20 +0100] "GET /product.php?pid=1 HTTP/1.1" 200 2590
::1 - - [17/Feb/2024:00:37:20 +0100] "GET /favicon.ico HTTP/1.1" 400 327
::1 - - [17/Feb/2024:00:37:49 +0100] "GET /product.php?pid=1 HTTP/1.1" 200 2596
::1 - - [17/Feb/2024:00:37:49 +0100] "GET /favicon.ico HTTP/1.1" 400 327
::1 - - [17/Feb/2024:00:38:56 +0100] "GET /product.php?pid=1 HTTP/1.1" 200 2601
::1 - - [17/Feb/2024:00:38:56 +0100] "GET /favicon.ico HTTP/1.1" 400 327
::1 - - [17/Feb/2024:00:38:58 +0100] "GET /product.php?pid=1 HTTP/1.1" 200 2601
::1 - - [17/Feb/2024:00:38:58 +0100] "GET /favicon.ico HTTP/1.1" 400 327
::1 - - [17/Feb/2024:00:39:12 +0100] "GET /product.php?pid=1 HTTP/1.1" 200 2609
::1 - - [17/Feb/2024:00:39:12 +0100] "GET /favicon.ico HTTP/1.1" 400 327
::1 - - [17/Feb/2024:00:40:51 +0100] "GET /product.php?pid=1 HTTP/1.1" 200 2621
::1 - - [17/Feb/2024:00:40:51 +0100] "GET /favicon.ico HTTP/1.1" 400 327
::1 - - [17/Feb/2024:00:42:23 +0100] "GET /product.php?pid=1 HTTP/1.1" 200 2627
::1 - - [17/Feb/2024:00:42:23 +0100] "GET /favicon.ico HTTP/1.1" 400 327
::1 - - [17/Feb/2024:00:47:20 +0100] "GET /about.php HTTP/1.1" 200 3406
::1 - - [17/Feb/2024:00:47:20 +0100] "GET /favicon.ico HTTP/1.1" 400 327
::1 - - [17/Feb/2024:00:47:25 +0100] "GET /index.php HTTP/1.1" 200 5660
::1 - - [17/Feb/2024:00:47:25 +0100] "GET /favicon.ico HTTP/1.1" 400 327
::1 - - [17/Feb/2024:00:47:27 +0100] "GET /cart.php HTTP/1.1" 200 2642
::1 - - [17/Feb/2024:00:47:27 +0100] "GET /favicon.ico HTTP/1.1" 400 327
::1 - - [17/Feb/2024:00:47:29 +0100] "GET /about.php HTTP/1.1" 200 3406
::1 - - [17/Feb/2024:00:47:29 +0100] "GET /favicon.ico HTTP/1.1" 400 327
::1 - - [17/Feb/2024:00:47:30 +0100] "GET /index.php HTTP/1.1" 200 5660
::1 - - [17/Feb/2024:00:47:30 +0100] "GET /favicon.ico HTTP/1.1" 400 327
::1 - - [17/Feb/2024:00:47:31 +0100] "GET /product.php?pid=5 HTTP/1.1" 200 2626
::1 - - [17/Feb/2024:00:47:31 +0100] "GET /favicon.ico HTTP/1.1" 400 327
::1 - - [17/Feb/2024:00:48:04 +0100] "GET /index.php HTTP/1.1" 200 5660
::1 - - [17/Feb/2024:00:48:04 +0100] "GET /favicon.ico HTTP/1.1" 400 327
::1 - - [17/Feb/2024:00:48:06 +0100] "GET /product.php?pid=8 HTTP/1.1" 200 2635
::1 - - [17/Feb/2024:00:48:06 +0100] "GET /favicon.ico HTTP/1.1" 400 327
::1 - - [17/Feb/2024:00:48:17 +0100] "GET /index.php HTTP/1.1" 200 5660
::1 - - [17/Feb/2024:00:48:18 +0100] "GET /favicon.ico HTTP/1.1" 400 327
::1 - - [17/Feb/2024:00:51:53 +0100] "GET /index.php HTTP/1.1" 200 5849
::1 - - [17/Feb/2024:00:51:53 +0100] "GET /favicon.ico HTTP/1.1" 400 327
::1 - - [17/Feb/2024:00:52:24 +0100] "GET /index.php HTTP/1.1" 200 5786
::1 - - [17/Feb/2024:00:52:25 +0100] "GET /favicon.ico HTTP/1.1" 400 327
::1 - - [17/Feb/2024:00:53:13 +0100] "GET /index.php HTTP/1.1" 200 5660
::1 - - [17/Feb/2024:00:53:13 +0100] "GET /favicon.ico HTTP/1.1" 400 327
::1 - - [17/Feb/2024:00:54:19 +0100] "GET /index.php HTTP/1.1" 200 5642
::1 - - [17/Feb/2024:00:54:19 +0100] "GET /favicon.ico HTTP/1.1" 400 327
::1 - - [17/Feb/2024:00:54:52 +0100] "GET /index.php HTTP/1.1" 200 5579
::1 - - [17/Feb/2024:00:54:52 +0100] "GET /favicon.ico HTTP/1.1" 400 327
::1 - - [17/Feb/2024:00:54:53 +0100] "GET /index.php HTTP/1.1" 200 5579
::1 - - [17/Feb/2024:00:54:53 +0100] "GET /favicon.ico HTTP/1.1" 400 327
::1 - - [17/Feb/2024:00:56:36 +0100] "GET /index.php HTTP/1.1" 200 5606
::1 - - [17/Feb/2024:00:56:36 +0100] "GET /favicon.ico HTTP/1.1" 400 327
::1 - - [17/Feb/2024:00:56:50 +0100] "GET /index.php HTTP/1.1" 200 5606
::1 - - [17/Feb/2024:00:56:50 +0100] "GET /favicon.ico HTTP/1.1" 400 327
::1 - - [17/Feb/2024:00:57:08 +0100] "GET /index.php HTTP/1.1" 200 5651
::1 - - [17/Feb/2024:00:57:08 +0100] "GET /favicon.ico HTTP/1.1" 400 327
::1 - - [17/Feb/2024:00:57:17 +0100] "GET /index.php HTTP/1.1" 200 5642
::1 - - [17/Feb/2024:00:57:17 +0100] "GET /favicon.ico HTTP/1.1" 400 327
::1 - - [17/Feb/2024:00:57:37 +0100] "GET /index.php HTTP/1.1" 200 5651
::1 - - [17/Feb/2024:00:57:37 +0100] "GET /favicon.ico HTTP/1.1" 400 327
::1 - - [17/Feb/2024:00:59:13 +0100] "GET /index.php HTTP/1.1" 200 5687
::1 - - [17/Feb/2024:00:59:13 +0100] "GET /favicon.ico HTTP/1.1" 400 327
::1 - - [17/Feb/2024:01:00:23 +0100] "GET /index.php HTTP/1.1" 200 5651
::1 - - [17/Feb/2024:01:00:23 +0100] "GET /favicon.ico HTTP/1.1" 400 327
::1 - - [17/Feb/2024:01:00:36 +0100] "GET /index.php HTTP/1.1" 200 5669
::1 - - [17/Feb/2024:01:00:36 +0100] "GET /favicon.ico HTTP/1.1" 400 327
::1 - - [17/Feb/2024:01:00:55 +0100] "GET /index.php HTTP/1.1" 200 5696
::1 - - [17/Feb/2024:01:00:55 +0100] "GET /favicon.ico HTTP/1.1" 400 327
::1 - - [17/Feb/2024:01:01:31 +0100] "GET /index.php HTTP/1.1" 200 5741
::1 - - [17/Feb/2024:01:01:31 +0100] "GET /favicon.ico HTTP/1.1" 400 327
::1 - - [17/Feb/2024:01:01:55 +0100] "GET /index.php HTTP/1.1" 200 5786
::1 - - [17/Feb/2024:01:01:55 +0100] "GET /favicon.ico HTTP/1.1" 400 327
::1 - - [17/Feb/2024:01:02:39 +0100] "GET /about.php HTTP/1.1" 200 3406
::1 - - [17/Feb/2024:01:02:39 +0100] "GET /favicon.ico HTTP/1.1" 400 327
::1 - - [17/Feb/2024:01:02:41 +0100] "GET /cart.php HTTP/1.1" 200 2642
::1 - - [17/Feb/2024:01:02:41 +0100] "GET /favicon.ico HTTP/1.1" 400 327
::1 - - [17/Feb/2024:01:02:42 +0100] "GET /about.php HTTP/1.1" 200 3406
::1 - - [17/Feb/2024:01:02:42 +0100] "GET /favicon.ico HTTP/1.1" 400 327
::1 - - [17/Feb/2024:01:02:44 +0100] "GET /index.php HTTP/1.1" 200 5786
::1 - - [17/Feb/2024:01:02:44 +0100] "GET /favicon.ico HTTP/1.1" 400 327
::1 - - [17/Feb/2024:01:02:46 +0100] "GET /product.php?pid=4 HTTP/1.1" 200 2625
::1 - - [17/Feb/2024:01:02:46 +0100] "GET /favicon.ico HTTP/1.1" 400 327
::1 - - [17/Feb/2024:01:02:50 +0100] "POST /product.php?pid=4 HTTP/1.1" 200 2625
::1 - - [17/Feb/2024:01:02:50 +0100] "GET /favicon.ico HTTP/1.1" 400 327
::1 - - [17/Feb/2024:01:02:53 +0100] "GET /index.php HTTP/1.1" 200 5786
::1 - - [17/Feb/2024:01:02:53 +0100] "GET /favicon.ico HTTP/1.1" 400 327
::1 - - [17/Feb/2024:01:14:09 +0100] "GET /about.php HTTP/1.1" 200 3406
::1 - - [17/Feb/2024:01:14:09 +0100] "GET /favicon.ico HTTP/1.1" 400 327
::1 - - [17/Feb/2024:01:14:11 +0100] "GET /cart.php HTTP/1.1" 200 2642
::1 - - [17/Feb/2024:01:14:11 +0100] "GET /favicon.ico HTTP/1.1" 400 327
::1 - - [17/Feb/2024:01:14:13 +0100] "GET /index.php HTTP/1.1" 200 5786
::1 - - [17/Feb/2024:01:14:13 +0100] "GET /favicon.ico HTTP/1.1" 400 327
::1 - - [17/Feb/2024:01:14:14 +0100] "GET /product.php?pid=4 HTTP/1.1" 200 2625
::1 - - [17/Feb/2024:01:14:14 +0100] "GET /favicon.ico HTTP/1.1" 400 327
::1 - - [17/Feb/2024:01:14:28 +0100] "GET /index.php HTTP/1.1" 200 5786
::1 - - [17/Feb/2024:01:14:28 +0100] "GET /favicon.ico HTTP/1.1" 400 327
::1 - - [17/Feb/2024:01:27:10 +0100] "GET /index.php HTTP/1.1" 200 5786
::1 - - [17/Feb/2024:01:27:10 +0100] "GET /favicon.ico HTTP/1.1" 400 327
::1 - - [17/Feb/2024:01:27:14 +0100] "GET /product.php?pid=5 HTTP/1.1" 200 2626
::1 - - [17/Feb/2024:01:27:14 +0100] "GET /favicon.ico HTTP/1.1" 400 327
::1 - - [17/Feb/2024:01:27:16 +0100] "POST /product.php?pid=5 HTTP/1.1" 200 2873
::1 - - [17/Feb/2024:01:27:16 +0100] "GET /favicon.ico HTTP/1.1" 400 327
::1 - - [17/Feb/2024:01:29:56 +0100] "POST /product.php?pid=5 HTTP/1.1" 200 3125
::1 - - [17/Feb/2024:01:29:56 +0100] "GET /favicon.ico HTTP/1.1" 400 327
::1 - - [17/Feb/2024:01:29:59 +0100] "POST /product.php?pid=5 HTTP/1.1" 200 3125
::1 - - [17/Feb/2024:01:29:59 +0100] "GET /favicon.ico HTTP/1.1" 400 327
::1 - - [17/Feb/2024:01:30:04 +0100] "POST /product.php?pid=5 HTTP/1.1" 200 3125
::1 - - [17/Feb/2024:01:30:04 +0100] "GET /favicon.ico HTTP/1.1" 400 327
::1 - - [17/Feb/2024:01:30:10 +0100] "GET /index.php HTTP/1.1" 200 6038
::1 - - [17/Feb/2024:01:30:10 +0100] "GET /favicon.ico HTTP/1.1" 400 327
::1 - - [17/Feb/2024:01:30:12 +0100] "GET /product.php?pid=9 HTTP/1.1" 200 2882
::1 - - [17/Feb/2024:01:30:12 +0100] "GET /favicon.ico HTTP/1.1" 400 327
::1 - - [17/Feb/2024:01:30:16 +0100] "POST /product.php?pid=9 HTTP/1.1" 200 3129
::1 - - [17/Feb/2024:01:30:16 +0100] "GET /favicon.ico HTTP/1.1" 400 327
::1 - - [17/Feb/2024:01:30:28 +0100] "GET /cart.php HTTP/1.1" 200 3079
::1 - - [17/Feb/2024:01:30:28 +0100] "GET /favicon.ico HTTP/1.1" 400 327
::1 - - [17/Feb/2024:01:30:56 +0100] "GET /cart.php HTTP/1.1" 200 1620
::1 - - [17/Feb/2024:01:30:56 +0100] "GET /favicon.ico HTTP/1.1" 400 327
::1 - - [17/Feb/2024:01:46:40 +0100] "GET /cart.php HTTP/1.1" 200 1620
::1 - - [17/Feb/2024:01:46:40 +0100] "GET /favicon.ico HTTP/1.1" 400 327
::1 - - [17/Feb/2024:01:46:42 +0100] "GET /index.php HTTP/1.1" 200 6038
::1 - - [17/Feb/2024:01:46:42 +0100] "GET /favicon.ico HTTP/1.1" 400 327
::1 - - [17/Feb/2024:01:46:44 +0100] "GET /product.php?pid=9 HTTP/1.1" 200 2882
::1 - - [17/Feb/2024:01:46:44 +0100] "GET /favicon.ico HTTP/1.1" 400 327
::1 - - [17/Feb/2024:01:46:48 +0100] "POST /product.php?pid=9 HTTP/1.1" 200 3129
::1 - - [17/Feb/2024:01:46:48 +0100] "GET /favicon.ico HTTP/1.1" 400 327
::1 - - [17/Feb/2024:01:46:52 +0100] "GET /index.php HTTP/1.1" 200 6038
::1 - - [17/Feb/2024:01:46:52 +0100] "GET /favicon.ico HTTP/1.1" 400 327
::1 - - [17/Feb/2024:01:46:53 +0100] "GET /product.php?pid=7 HTTP/1.1" 200 2880
::1 - - [17/Feb/2024:01:46:53 +0100] "GET /favicon.ico HTTP/1.1" 400 327
::1 - - [17/Feb/2024:01:46:56 +0100] "POST /product.php?pid=7 HTTP/1.1" 200 3127
::1 - - [17/Feb/2024:01:46:56 +0100] "GET /favicon.ico HTTP/1.1" 400 327
::1 - - [17/Feb/2024:01:46:59 +0100] "GET /cart.php HTTP/1.1" 200 1976
::1 - - [17/Feb/2024:01:46:59 +0100] "GET /favicon.ico HTTP/1.1" 400 327
::1 - - [17/Feb/2024:01:55:26 +0100] "GET /cart.php HTTP/1.1" 200 2224
::1 - - [17/Feb/2024:01:55:26 +0100] "GET /favicon.ico HTTP/1.1" 400 327
::1 - - [17/Feb/2024:01:57:22 +0100] "GET /cart.php HTTP/1.1" 200 2184
::1 - - [17/Feb/2024:01:57:22 +0100] "GET /favicon.ico HTTP/1.1" 400 327
::1 - - [17/Feb/2024:01:57:24 +0100] "GET /cart.php HTTP/1.1" 200 2184
::1 - - [17/Feb/2024:01:57:24 +0100] "GET /favicon.ico HTTP/1.1" 400 327
::1 - - [17/Feb/2024:02:02:45 +0100] "GET /cart.php HTTP/1.1" 200 2194
::1 - - [17/Feb/2024:02:02:45 +0100] "GET /favicon.ico HTTP/1.1" 400 327
::1 - - [17/Feb/2024:02:03:54 +0100] "GET /cart.php HTTP/1.1" 200 1966
::1 - - [17/Feb/2024:02:03:54 +0100] "GET /favicon.ico HTTP/1.1" 400 327
::1 - - [17/Feb/2024:02:08:38 +0100] "GET /cart.php HTTP/1.1" 200 2000
::1 - - [17/Feb/2024:02:08:38 +0100] "GET /favicon.ico HTTP/1.1" 400 327
::1 - - [17/Feb/2024:02:08:57 +0100] "GET /cart.php HTTP/1.1" 200 2006
::1 - - [17/Feb/2024:02:08:57 +0100] "GET /favicon.ico HTTP/1.1" 400 327
::1 - - [17/Feb/2024:02:09:07 +0100] "GET /index.php HTTP/1.1" 200 6038
::1 - - [17/Feb/2024:02:09:07 +0100] "GET /favicon.ico HTTP/1.1" 400 327
::1 - - [17/Feb/2024:02:09:10 +0100] "GET /product.php?pid=7 HTTP/1.1" 200 2880
::1 - - [17/Feb/2024:02:09:10 +0100] "GET /favicon.ico HTTP/1.1" 400 327
::1 - - [17/Feb/2024:02:09:13 +0100] "POST /product.php?pid=7 HTTP/1.1" 200 3127
::1 - - [17/Feb/2024:02:09:13 +0100] "GET /favicon.ico HTTP/1.1" 400 327
::1 - - [17/Feb/2024:02:09:16 +0100] "GET /cart.php HTTP/1.1" 200 2007
::1 - - [17/Feb/2024:02:09:16 +0100] "GET /favicon.ico HTTP/1.1" 400 327
::1 - - [17/Feb/2024:02:09:21 +0100] "GET /index.php HTTP/1.1" 200 6038
::1 - - [17/Feb/2024:02:09:21 +0100] "GET /favicon.ico HTTP/1.1" 400 327
::1 - - [17/Feb/2024:02:09:23 +0100] "GET /product.php?pid=2 HTTP/1.1" 200 2880
::1 - - [17/Feb/2024:02:09:23 +0100] "GET /favicon.ico HTTP/1.1" 400 327
::1 - - [17/Feb/2024:02:09:25 +0100] "POST /product.php?pid=2 HTTP/1.1" 200 3127
::1 - - [17/Feb/2024:02:09:25 +0100] "GET /favicon.ico HTTP/1.1" 400 327
::1 - - [17/Feb/2024:02:09:28 +0100] "GET /cart.php HTTP/1.1" 200 2205
::1 - - [17/Feb/2024:02:09:28 +0100] "GET /favicon.ico HTTP/1.1" 400 327
::1 - - [17/Feb/2024:02:10:23 +0100] "GET /cart.php HTTP/1.1" 200 2241
::1 - - [17/Feb/2024:02:10:23 +0100] "GET /favicon.ico HTTP/1.1" 400 327
::1 - - [17/Feb/2024:02:10:25 +0100] "GET /cart.php HTTP/1.1" 200 2241
::1 - - [17/Feb/2024:02:10:25 +0100] "GET /favicon.ico HTTP/1.1" 400 327
::1 - - [17/Feb/2024:11:01:49 +0100] "GET /cart.php HTTP/1.1" 200 1620
::1 - - [17/Feb/2024:11:01:49 +0100] "GET /favicon.ico HTTP/1.1" 400 327
::1 - - [17/Feb/2024:11:01:59 +0100] "GET /index.php HTTP/1.1" 200 6038
::1 - - [17/Feb/2024:11:01:59 +0100] "GET /favicon.ico HTTP/1.1" 400 327
::1 - - [17/Feb/2024:11:02:01 +0100] "GET /cart.php HTTP/1.1" 200 1620
::1 - - [17/Feb/2024:11:02:01 +0100] "GET /favicon.ico HTTP/1.1" 400 327
::1 - - [17/Feb/2024:11:07:01 +0100] "-" 408 -
::1 - - [17/Feb/2024:11:10:53 +0100] "GET /index.php HTTP/1.1" 200 6038
::1 - - [17/Feb/2024:11:10:53 +0100] "GET /favicon.ico HTTP/1.1" 400 327
::1 - - [17/Feb/2024:11:10:56 +0100] "GET /product.php?pid=4 HTTP/1.1" 200 2877
::1 - - [17/Feb/2024:11:10:56 +0100] "GET /favicon.ico HTTP/1.1" 400 327
::1 - - [17/Feb/2024:11:10:58 +0100] "POST /product.php?pid=4 HTTP/1.1" 200 3124
::1 - - [17/Feb/2024:11:10:58 +0100] "GET /favicon.ico HTTP/1.1" 400 327
::1 - - [17/Feb/2024:11:11:03 +0100] "GET /index.php HTTP/1.1" 200 6038
::1 - - [17/Feb/2024:11:11:03 +0100] "GET /favicon.ico HTTP/1.1" 400 327
::1 - - [17/Feb/2024:11:11:05 +0100] "GET /product.php?pid=5 HTTP/1.1" 200 2878
::1 - - [17/Feb/2024:11:11:05 +0100] "GET /favicon.ico HTTP/1.1" 400 327
::1 - - [17/Feb/2024:11:11:08 +0100] "POST /product.php?pid=5 HTTP/1.1" 200 3125
::1 - - [17/Feb/2024:11:11:08 +0100] "GET /favicon.ico HTTP/1.1" 400 327
::1 - - [17/Feb/2024:11:11:10 +0100] "GET /cart.php HTTP/1.1" 200 2000
::1 - - [17/Feb/2024:11:11:10 +0100] "GET /favicon.ico HTTP/1.1" 400 327
::1 - - [17/Feb/2024:11:11:14 +0100] "GET /index.php HTTP/1.1" 200 6038
::1 - - [17/Feb/2024:11:11:14 +0100] "GET /favicon.ico HTTP/1.1" 400 327
::1 - - [17/Feb/2024:11:11:16 +0100] "GET /product.php?pid=7 HTTP/1.1" 200 2880
::1 - - [17/Feb/2024:11:11:16 +0100] "GET /favicon.ico HTTP/1.1" 400 327
::1 - - [17/Feb/2024:11:11:22 +0100] "POST /product.php?pid=7 HTTP/1.1" 200 3127
::1 - - [17/Feb/2024:11:11:22 +0100] "GET /favicon.ico HTTP/1.1" 400 327
::1 - - [17/Feb/2024:11:11:23 +0100] "GET /index.php HTTP/1.1" 200 6038
::1 - - [17/Feb/2024:11:11:24 +0100] "GET /favicon.ico HTTP/1.1" 400 327
::1 - - [17/Feb/2024:11:11:26 +0100] "GET /product.php?pid=4 HTTP/1.1" 200 2877
::1 - - [17/Feb/2024:11:11:26 +0100] "GET /favicon.ico HTTP/1.1" 400 327
::1 - - [17/Feb/2024:11:11:27 +0100] "POST /product.php?pid=4 HTTP/1.1" 200 3124
::1 - - [17/Feb/2024:11:11:28 +0100] "GET /favicon.ico HTTP/1.1" 400 327
::1 - - [17/Feb/2024:11:11:30 +0100] "POST /product.php?pid=4 HTTP/1.1" 200 3124
::1 - - [17/Feb/2024:11:11:30 +0100] "GET /favicon.ico HTTP/1.1" 400 327
::1 - - [17/Feb/2024:11:11:32 +0100] "GET /cart.php HTTP/1.1" 200 2200
::1 - - [17/Feb/2024:11:11:32 +0100] "GET /favicon.ico HTTP/1.1" 400 327
::1 - - [17/Feb/2024:11:11:38 +0100] "GET /index.php HTTP/1.1" 200 6038
::1 - - [17/Feb/2024:11:11:38 +0100] "GET /favicon.ico HTTP/1.1" 400 327
::1 - - [17/Feb/2024:11:11:40 +0100] "GET /product.php?pid=2 HTTP/1.1" 200 2880
::1 - - [17/Feb/2024:11:11:40 +0100] "GET /favicon.ico HTTP/1.1" 400 327
::1 - - [17/Feb/2024:11:16:40 +0100] "-" 408 -
::1 - - [17/Feb/2024:11:24:46 +0100] "POST /product.php?pid=2 HTTP/1.1" 200 3127
::1 - - [17/Feb/2024:11:24:46 +0100] "GET /favicon.ico HTTP/1.1" 400 327
::1 - - [17/Feb/2024:11:24:53 +0100] "GET /cart.php HTTP/1.1" 200 2398
::1 - - [17/Feb/2024:11:24:53 +0100] "GET /favicon.ico HTTP/1.1" 400 327
::1 - - [17/Feb/2024:11:25:01 +0100] "GET /index.php HTTP/1.1" 200 6038
::1 - - [17/Feb/2024:11:25:01 +0100] "GET /favicon.ico HTTP/1.1" 400 327
::1 - - [17/Feb/2024:11:25:05 +0100] "GET /product.php?pid=2 HTTP/1.1" 200 2880
::1 - - [17/Feb/2024:11:25:05 +0100] "GET /favicon.ico HTTP/1.1" 400 327
::1 - - [17/Feb/2024:11:25:09 +0100] "POST /product.php?pid=2 HTTP/1.1" 200 3127
::1 - - [17/Feb/2024:11:25:10 +0100] "GET /favicon.ico HTTP/1.1" 400 327
::1 - - [17/Feb/2024:11:25:13 +0100] "GET /cart.php HTTP/1.1" 200 2399
::1 - - [17/Feb/2024:11:25:13 +0100] "GET /favicon.ico HTTP/1.1" 400 327
::1 - - [17/Feb/2024:11:30:13 +0100] "-" 408 -
