[Fri Feb 16 17:19:02.025458 2024] [php:warn] [pid 17404:tid 836] [client ::1:53953] PHP Warning:  Undefined array key "cart" in C:\\xampp\\htdocs\\simple_site4\\product.php on line 24, referer: http://localhost:8003/product.php?pid=3
[Fri Feb 16 17:19:02.028880 2024] [php:warn] [pid 17404:tid 836] [client ::1:53953] PHP Warning:  Undefined array key 3 in C:\\xampp\\htdocs\\simple_site4\\product.php on line 24, referer: http://localhost:8003/product.php?pid=3
[Fri Feb 16 17:19:27.834087 2024] [php:warn] [pid 17404:tid 828] [client ::1:53970] PHP Warning:  Undefined array key 1 in C:\\xampp\\htdocs\\simple_site4\\product.php on line 24, referer: http://localhost:8003/product.php?pid=1
[Fri Feb 16 17:59:31.908335 2024] [php:warn] [pid 17404:tid 828] [client ::1:56592] PHP Warning:  Undefined array key "cart" in C:\\xampp\\htdocs\\simple_site4\\product.php on line 24, referer: http://localhost:8003/product.php?pid=2
[Fri Feb 16 17:59:31.910845 2024] [php:warn] [pid 17404:tid 828] [client ::1:56592] PHP Warning:  Trying to access array offset on value of type null in C:\\xampp\\htdocs\\simple_site4\\product.php on line 24, referer: http://localhost:8003/product.php?pid=2
[Fri Feb 16 18:33:20.354228 2024] [php:warn] [pid 17404:tid 828] [client ::1:57795] PHP Warning:  Undefined array key 1 in C:\\xampp\\htdocs\\simple_site4\\product.php on line 24, referer: http://localhost:8003/product.php?pid=1
[Fri Feb 16 18:34:34.205385 2024] [php:error] [pid 17404:tid 828] [client ::1:57838] PHP Parse error:  syntax error, unexpected token "+=" in C:\\xampp\\htdocs\\simple_site4\\product.php on line 24, referer: http://localhost:8003/index.php
[Sat Feb 17 01:55:26.638914 2024] [php:warn] [pid 17404:tid 828] [client ::1:57748] PHP Warning:  Undefined array key 9 in C:\\xampp\\htdocs\\simple_site4\\cart.php on line 13, referer: http://localhost:8003/product.php?pid=7
[Sat Feb 17 01:55:26.642309 2024] [php:warn] [pid 17404:tid 828] [client ::1:57748] PHP Warning:  Trying to access array offset on value of type null in C:\\xampp\\htdocs\\simple_site4\\cart.php on line 13, referer: http://localhost:8003/product.php?pid=7
[Sat Feb 17 01:57:22.357599 2024] [php:warn] [pid 17404:tid 836] [client ::1:57802] PHP Warning:  Undefined array key 9 in C:\\xampp\\htdocs\\simple_site4\\cart.php on line 13, referer: http://localhost:8003/product.php?pid=7
[Sat Feb 17 01:57:22.358835 2024] [php:warn] [pid 17404:tid 836] [client ::1:57802] PHP Warning:  Array to string conversion in C:\\xampp\\htdocs\\simple_site4\\cart.php on line 13, referer: http://localhost:8003/product.php?pid=7
[Sat Feb 17 01:57:24.502514 2024] [php:warn] [pid 17404:tid 828] [client ::1:57804] PHP Warning:  Undefined array key 9 in C:\\xampp\\htdocs\\simple_site4\\cart.php on line 13, referer: http://localhost:8003/product.php?pid=7
[Sat Feb 17 01:57:24.503014 2024] [php:warn] [pid 17404:tid 828] [client ::1:57804] PHP Warning:  Array to string conversion in C:\\xampp\\htdocs\\simple_site4\\cart.php on line 13, referer: http://localhost:8003/product.php?pid=7
[Sat Feb 17 02:02:45.155528 2024] [php:warn] [pid 17404:tid 836] [client ::1:57952] PHP Warning:  Array to string conversion in C:\\xampp\\htdocs\\simple_site4\\cart.php on line 13, referer: http://localhost:8003/product.php?pid=7
[Sat Feb 17 02:02:45.155528 2024] [php:warn] [pid 17404:tid 836] [client ::1:57952] PHP Warning:  Array to string conversion in C:\\xampp\\htdocs\\simple_site4\\cart.php on line 13, referer: http://localhost:8003/product.php?pid=7
[Sat Feb 17 13:31:39.308240 2024] [php:error] [pid 2904:tid 2004] [client ::1:56061] PHP Fatal error:  Uncaught TypeError: Unsupported operand types: string + string in C:\\xampp\\htdocs\\simple_site4\\product.php:27\nStack trace:\n#0 {main}\n  thrown in C:\\xampp\\htdocs\\simple_site4\\product.php on line 27, referer: http://localhost:8003/product.php?pid=1
[Sat Feb 17 14:06:51.354410 2024] [php:error] [pid 2904:tid 824] [client ::1:56911] PHP Fatal error:  Uncaught TypeError: Unsupported operand types: string + string in C:\\xampp\\htdocs\\simple_site4\\product.php:27\nStack trace:\n#0 {main}\n  thrown in C:\\xampp\\htdocs\\simple_site4\\product.php on line 27, referer: http://localhost:8003/product.php?pid=1
[Sat Feb 17 14:13:36.778003 2024] [php:error] [pid 2904:tid 824] [client ::1:57116] PHP Fatal error:  Uncaught TypeError: Unsupported operand types: string + string in C:\\xampp\\htdocs\\simple_site4\\product.php:27\nStack trace:\n#0 {main}\n  thrown in C:\\xampp\\htdocs\\simple_site4\\product.php on line 27, referer: http://localhost:8003/product.php?pid=1
[Sat Feb 17 16:20:21.903643 2024] [php:warn] [pid 2904:tid 728] [client ::1:62417] PHP Warning:  Undefined array key 0 in C:\\xampp\\htdocs\\simple_site4\\cart.php on line 18, referer: http://localhost:8003/cart.php
[Sat Feb 17 16:20:21.904687 2024] [php:warn] [pid 2904:tid 728] [client ::1:62417] PHP Warning:  Trying to access array offset on value of type null in C:\\xampp\\htdocs\\simple_site4\\cart.php on line 18, referer: http://localhost:8003/cart.php
[Sat Feb 17 16:20:21.904687 2024] [php:warn] [pid 2904:tid 728] [client ::1:62417] PHP Warning:  Undefined array key 0 in C:\\xampp\\htdocs\\simple_site4\\cart.php on line 19, referer: http://localhost:8003/cart.php
[Sat Feb 17 16:20:21.904687 2024] [php:warn] [pid 2904:tid 728] [client ::1:62417] PHP Warning:  Trying to access array offset on value of type null in C:\\xampp\\htdocs\\simple_site4\\cart.php on line 19, referer: http://localhost:8003/cart.php
[Sat Feb 17 16:20:21.904687 2024] [php:warn] [pid 2904:tid 728] [client ::1:62417] PHP Warning:  Undefined array key 3 in C:\\xampp\\htdocs\\simple_site4\\cart.php on line 18, referer: http://localhost:8003/cart.php
[Sat Feb 17 16:20:21.904687 2024] [php:warn] [pid 2904:tid 728] [client ::1:62417] PHP Warning:  Trying to access array offset on value of type null in C:\\xampp\\htdocs\\simple_site4\\cart.php on line 18, referer: http://localhost:8003/cart.php
[Sat Feb 17 16:20:21.904687 2024] [php:warn] [pid 2904:tid 728] [client ::1:62417] PHP Warning:  Undefined array key 3 in C:\\xampp\\htdocs\\simple_site4\\cart.php on line 19, referer: http://localhost:8003/cart.php
[Sat Feb 17 16:20:21.904687 2024] [php:warn] [pid 2904:tid 728] [client ::1:62417] PHP Warning:  Trying to access array offset on value of type null in C:\\xampp\\htdocs\\simple_site4\\cart.php on line 19, referer: http://localhost:8003/cart.php
[Sat Feb 17 16:20:21.904687 2024] [php:warn] [pid 2904:tid 728] [client ::1:62417] PHP Warning:  Undefined array key 7 in C:\\xampp\\htdocs\\simple_site4\\cart.php on line 18, referer: http://localhost:8003/cart.php
[Sat Feb 17 16:20:21.904687 2024] [php:warn] [pid 2904:tid 728] [client ::1:62417] PHP Warning:  Trying to access array offset on value of type null in C:\\xampp\\htdocs\\simple_site4\\cart.php on line 18, referer: http://localhost:8003/cart.php
[Sat Feb 17 16:20:21.904687 2024] [php:warn] [pid 2904:tid 728] [client ::1:62417] PHP Warning:  Undefined array key 7 in C:\\xampp\\htdocs\\simple_site4\\cart.php on line 19, referer: http://localhost:8003/cart.php
[Sat Feb 17 16:20:21.904687 2024] [php:warn] [pid 2904:tid 728] [client ::1:62417] PHP Warning:  Trying to access array offset on value of type null in C:\\xampp\\htdocs\\simple_site4\\cart.php on line 19, referer: http://localhost:8003/cart.php
[Sat Feb 17 17:33:59.120805 2024] [php:warn] [pid 2904:tid 728] [client ::1:50495] PHP Warning:  Undefined array key 2 in C:\\xampp\\htdocs\\simple_site4\\product.php on line 40, referer: http://localhost:8003/index.php
[Sat Feb 17 17:34:38.742534 2024] [php:warn] [pid 2904:tid 824] [client ::1:50518] PHP Warning:  Undefined array key 2 in C:\\xampp\\htdocs\\simple_site4\\product.php on line 40, referer: http://localhost:8003/index.php
[Sun Feb 18 03:27:23.473641 2024] [php:warn] [pid 2904:tid 824] [client ::1:62234] PHP Warning:  Undefined array key "sum_total" in C:\\xampp\\htdocs\\simple_site4\\cart.php on line 39, referer: http://localhost:8003/cart.php
[Sun Feb 18 03:41:39.241118 2024] [php:warn] [pid 2904:tid 728] [client ::1:62260] PHP Warning:  Undefined array key "sum_total" in C:\\xampp\\htdocs\\simple_site4\\cart.php on line 39, referer: http://localhost:8003/cart.php
[Sun Feb 18 09:53:36.670707 2024] [php:warn] [pid 2904:tid 824] [client ::1:62592] PHP Warning:  Undefined variable $sumTotal in C:\\xampp\\htdocs\\simple_site4\\cart.php on line 95, referer: http://localhost:8003/about.php
[Sun Feb 18 09:54:01.649052 2024] [php:warn] [pid 2904:tid 824] [client ::1:62594] PHP Warning:  Undefined variable $sumTotal in C:\\xampp\\htdocs\\simple_site4\\cart.php on line 95, referer: http://localhost:8003/index.php
[Sun Feb 18 09:54:03.521007 2024] [php:warn] [pid 2904:tid 728] [client ::1:62595] PHP Warning:  Undefined variable $sumTotal in C:\\xampp\\htdocs\\simple_site4\\cart.php on line 95, referer: http://localhost:8003/index.php
